WARNING 2020-09-25 08:32:05,069 base 93 Not Found: /
WARNING 2020-09-25 08:32:05,070 basehttp 124 "GET / HTTP/1.1" 404 2151
ERROR 2020-09-25 08:35:54,494 basehttp 124 "GET /admin/auth/user/ HTTP/1.1" 500 59
ERROR 2020-09-25 08:35:54,582 basehttp 124 "GET /admin/auth/user/ HTTP/1.1" 500 59
ERROR 2020-09-25 08:35:56,591 basehttp 124 "GET /admin/auth/user/ HTTP/1.1" 500 59
ERROR 2020-09-25 08:35:56,782 basehttp 124 "GET /admin/auth/user/ HTTP/1.1" 500 59
ERROR 2020-09-25 08:36:08,709 basehttp 124 "GET /admin/auth/user/1/update/ HTTP/1.1" 500 59
WARNING 2020-09-25 16:32:59,038 base 93 Not Found: /favicon.ico
WARNING 2020-09-25 16:32:59,040 basehttp 124 "GET /favicon.ico HTTP/1.1" 404 2202
ERROR 2020-09-25 19:45:39,109 basehttp 124 "GET /home/banners/ HTTP/1.1" 500 59
WARNING 2020-09-25 20:25:51,073 base 93 Not Found: /home/heater/
WARNING 2020-09-25 20:25:51,079 basehttp 124 "GET /home/heater/ HTTP/1.1" 404 2578
WARNING 2020-09-25 20:26:24,279 base 93 Not Found: /home/heater/
WARNING 2020-09-25 20:26:24,283 basehttp 124 "GET /home/heater/ HTTP/1.1" 404 2578
ERROR 2020-09-25 21:10:05,648 basehttp 124 "GET /home/banners/ HTTP/1.1" 500 59
ERROR 2020-09-25 21:10:05,653 basehttp 124 "GET /home/footer/ HTTP/1.1" 500 59
ERROR 2020-09-25 21:10:05,654 basehttp 124 "GET /home/header/ HTTP/1.1" 500 59
WARNING 2020-09-26 14:30:38,645 base 93 Not Found: /
WARNING 2020-09-26 14:30:38,727 basehttp 124 "GET / HTTP/1.1" 404 2151
WARNING 2020-09-26 14:30:38,845 base 93 Not Found: /favicon.ico
WARNING 2020-09-26 14:30:38,846 basehttp 124 "GET /favicon.ico HTTP/1.1" 404 2202
WARNING 2020-09-26 14:31:44,215 csrf 153 Forbidden (CSRF token missing or incorrect.): /admin/xadmin/password_reset/
WARNING 2020-09-26 14:31:44,273 basehttp 124 "POST /admin/xadmin/password_reset/ HTTP/1.1" 403 2508
WARNING 2020-09-26 15:11:05,794 base 93 Not Found: /
WARNING 2020-09-26 15:11:05,858 basehttp 124 "GET / HTTP/1.1" 404 2256
WARNING 2020-09-26 15:11:06,188 base 93 Not Found: /favicon.ico
WARNING 2020-09-26 15:11:06,189 basehttp 124 "GET /favicon.ico HTTP/1.1" 404 2307
ERROR 2020-09-26 15:11:33,246 exception 118 Internal Server Error: /user/login/
Traceback (most recent call last):
  File "D:\evn\env2004\lib\site-packages\rest_framework\views.py", line 494, in dispatch
    response = handler(request, *args, **kwargs)
  File "D:\evn\env2004\lib\site-packages\rest_framework\views.py", line 167, in http_method_not_allowed
    raise exceptions.MethodNotAllowed(request.method)
rest_framework.exceptions.MethodNotAllowed: 方法 “GET” 不被允许。

During handling of the above exception, another exception occurred:

Traceback (most recent call last):
  File "D:\evn\env2004\lib\site-packages\rest_framework\settings.py", line 177, in import_from_string
    return import_string(val)
  File "D:\evn\env2004\lib\site-packages\django\utils\module_loading.py", line 17, in import_string
    module = import_module(module_path)
  File "c:\users\admin\appdata\local\programs\python\python36\lib\importlib\__init__.py", line 126, in import_module
    return _bootstrap._gcd_import(name[level:], package, level)
  File "<frozen importlib._bootstrap>", line 994, in _gcd_import
  File "<frozen importlib._bootstrap>", line 971, in _find_and_load
  File "<frozen importlib._bootstrap>", line 941, in _find_and_load_unlocked
  File "<frozen importlib._bootstrap>", line 219, in _call_with_frames_removed
  File "<frozen importlib._bootstrap>", line 994, in _gcd_import
  File "<frozen importlib._bootstrap>", line 971, in _find_and_load
  File "<frozen importlib._bootstrap>", line 941, in _find_and_load_unlocked
  File "<frozen importlib._bootstrap>", line 219, in _call_with_frames_removed
  File "<frozen importlib._bootstrap>", line 994, in _gcd_import
  File "<frozen importlib._bootstrap>", line 971, in _find_and_load
  File "<frozen importlib._bootstrap>", line 953, in _find_and_load_unlocked
ModuleNotFoundError: No module named 'educ_api'

During handling of the above exception, another exception occurred:

Traceback (most recent call last):
  File "D:\evn\env2004\lib\site-packages\django\core\handlers\exception.py", line 35, in inner
    response = get_response(request)
  File "D:\evn\env2004\lib\site-packages\django\core\handlers\base.py", line 128, in _get_response
    response = self.process_exception_by_middleware(e, request)
  File "D:\evn\env2004\lib\site-packages\django\core\handlers\base.py", line 126, in _get_response
    response = wrapped_callback(request, *callback_args, **callback_kwargs)
  File "D:\evn\env2004\lib\site-packages\django\views\decorators\csrf.py", line 54, in wrapped_view
    return view_func(*args, **kwargs)
  File "D:\evn\env2004\lib\site-packages\django\views\generic\base.py", line 69, in view
    return self.dispatch(request, *args, **kwargs)
  File "D:\evn\env2004\lib\site-packages\rest_framework\views.py", line 497, in dispatch
    response = self.handle_exception(exc)
  File "D:\evn\env2004\lib\site-packages\rest_framework\views.py", line 451, in handle_exception
    exception_handler = self.get_exception_handler()
  File "D:\evn\env2004\lib\site-packages\rest_framework\views.py", line 298, in get_exception_handler
    return self.settings.EXCEPTION_HANDLER
  File "D:\evn\env2004\lib\site-packages\rest_framework\settings.py", line 220, in __getattr__
    val = perform_import(val, attr)
  File "D:\evn\env2004\lib\site-packages\rest_framework\settings.py", line 166, in perform_import
    return import_from_string(val, setting_name)
  File "D:\evn\env2004\lib\site-packages\rest_framework\settings.py", line 180, in import_from_string
    raise ImportError(msg)
ImportError: Could not import 'educ_api.utils.exceptions.exception_handler' for API setting 'EXCEPTION_HANDLER'. ModuleNotFoundError: No module named 'educ_api'.
ERROR 2020-09-26 15:11:33,755 basehttp 124 "GET /user/login/ HTTP/1.1" 500 139050
ERROR 2020-09-26 15:12:12,494 exception 118 Internal Server Error: /user/login/
Traceback (most recent call last):
  File "D:\evn\env2004\lib\site-packages\rest_framework\views.py", line 494, in dispatch
    response = handler(request, *args, **kwargs)
  File "D:\evn\env2004\lib\site-packages\rest_framework\views.py", line 167, in http_method_not_allowed
    raise exceptions.MethodNotAllowed(request.method)
rest_framework.exceptions.MethodNotAllowed: 方法 “GET” 不被允许。

During handling of the above exception, another exception occurred:

Traceback (most recent call last):
  File "D:\evn\env2004\lib\site-packages\rest_framework\settings.py", line 177, in import_from_string
    return import_string(val)
  File "D:\evn\env2004\lib\site-packages\django\utils\module_loading.py", line 17, in import_string
    module = import_module(module_path)
  File "c:\users\admin\appdata\local\programs\python\python36\lib\importlib\__init__.py", line 126, in import_module
    return _bootstrap._gcd_import(name[level:], package, level)
  File "<frozen importlib._bootstrap>", line 994, in _gcd_import
  File "<frozen importlib._bootstrap>", line 971, in _find_and_load
  File "<frozen importlib._bootstrap>", line 941, in _find_and_load_unlocked
  File "<frozen importlib._bootstrap>", line 219, in _call_with_frames_removed
  File "<frozen importlib._bootstrap>", line 994, in _gcd_import
  File "<frozen importlib._bootstrap>", line 971, in _find_and_load
  File "<frozen importlib._bootstrap>", line 941, in _find_and_load_unlocked
  File "<frozen importlib._bootstrap>", line 219, in _call_with_frames_removed
  File "<frozen importlib._bootstrap>", line 994, in _gcd_import
  File "<frozen importlib._bootstrap>", line 971, in _find_and_load
  File "<frozen importlib._bootstrap>", line 953, in _find_and_load_unlocked
ModuleNotFoundError: No module named 'educ_api'

During handling of the above exception, another exception occurred:

Traceback (most recent call last):
  File "D:\evn\env2004\lib\site-packages\django\core\handlers\exception.py", line 35, in inner
    response = get_response(request)
  File "D:\evn\env2004\lib\site-packages\django\core\handlers\base.py", line 128, in _get_response
    response = self.process_exception_by_middleware(e, request)
  File "D:\evn\env2004\lib\site-packages\django\core\handlers\base.py", line 126, in _get_response
    response = wrapped_callback(request, *callback_args, **callback_kwargs)
  File "D:\evn\env2004\lib\site-packages\django\views\decorators\csrf.py", line 54, in wrapped_view
    return view_func(*args, **kwargs)
  File "D:\evn\env2004\lib\site-packages\django\views\generic\base.py", line 69, in view
    return self.dispatch(request, *args, **kwargs)
  File "D:\evn\env2004\lib\site-packages\rest_framework\views.py", line 497, in dispatch
    response = self.handle_exception(exc)
  File "D:\evn\env2004\lib\site-packages\rest_framework\views.py", line 451, in handle_exception
    exception_handler = self.get_exception_handler()
  File "D:\evn\env2004\lib\site-packages\rest_framework\views.py", line 298, in get_exception_handler
    return self.settings.EXCEPTION_HANDLER
  File "D:\evn\env2004\lib\site-packages\rest_framework\settings.py", line 220, in __getattr__
    val = perform_import(val, attr)
  File "D:\evn\env2004\lib\site-packages\rest_framework\settings.py", line 166, in perform_import
    return import_from_string(val, setting_name)
  File "D:\evn\env2004\lib\site-packages\rest_framework\settings.py", line 180, in import_from_string
    raise ImportError(msg)
ImportError: Could not import 'educ_api.utils.exceptions.exception_handler' for API setting 'EXCEPTION_HANDLER'. ModuleNotFoundError: No module named 'educ_api'.
ERROR 2020-09-26 15:12:12,550 basehttp 124 "GET /user/login/ HTTP/1.1" 500 139185
WARNING 2020-09-26 15:12:32,574 basehttp 124 "GET /user/login/ HTTP/1.1" 405 7689
ERROR 2020-09-26 15:12:49,907 basehttp 124 "POST /user/login/ HTTP/1.1" 500 59
WARNING 2020-09-26 15:50:12,113 basehttp 124 "GET /user/login/ HTTP/1.1" 405 45
WARNING 2020-09-26 15:50:28,692 basehttp 124 "GET /user/login/ HTTP/1.1" 405 45
WARNING 2020-09-26 15:51:12,701 basehttp 124 "GET /user/login/ HTTP/1.1" 405 45
WARNING 2020-09-26 15:52:00,045 basehttp 124 "GET /user/login/ HTTP/1.1" 405 45
WARNING 2020-09-26 15:52:07,799 basehttp 124 "GET /user/login/ HTTP/1.1" 405 45
ERROR 2020-09-26 15:54:02,894 basehttp 124 "POST /user/login/ HTTP/1.1" 500 59
WARNING 2020-09-26 15:55:50,699 basehttp 124 "GET /user/login/ HTTP/1.1" 405 45
WARNING 2020-09-26 20:16:35,815 basehttp 124 "POST /user/login/ HTTP/1.1" 400 7731
WARNING 2020-09-26 23:05:25,780 basehttp 124 "POST /user/login/ HTTP/1.1" 400 67
WARNING 2020-09-26 23:05:34,752 basehttp 124 "POST /user/login/ HTTP/1.1" 400 67
WARNING 2020-09-26 23:06:17,940 basehttp 124 "POST /user/login/ HTTP/1.1" 400 67
ERROR 2020-09-26 23:10:08,869 basehttp 124 "GET /user/captcha/?username=admin HTTP/1.1" 500 59
ERROR 2020-09-27 19:19:39,702 basehttp 124 "GET /home/banners/ HTTP/1.1" 500 59
ERROR 2020-09-27 19:19:39,703 basehttp 124 "GET /home/header/ HTTP/1.1" 500 59
ERROR 2020-09-27 19:19:39,703 basehttp 124 "GET /home/footer/ HTTP/1.1" 500 59
WARNING 2020-09-27 20:13:13,516 basehttp 124 "GET /user/users/ HTTP/1.1" 405 45
WARNING 2020-09-27 20:16:39,156 base 93 Not Found: /favicon.ico
WARNING 2020-09-27 20:16:39,157 basehttp 124 "GET /favicon.ico HTTP/1.1" 404 2307
WARNING 2020-09-27 20:20:47,134 basehttp 124 "GET /user/users/ HTTP/1.1" 405 7495
ERROR 2020-09-27 21:09:00,305 exceptions 20 <user.views.UserAPIView object at 0x000001F77D860BA8> POST expected string or bytes-like object
ERROR 2020-09-27 21:09:00,306 basehttp 124 "POST /user/users/ HTTP/1.1" 500 87
ERROR 2020-09-27 21:09:42,854 exceptions 20 <user.views.UserAPIView object at 0x000001F77D881F28> POST expected string or bytes-like object
ERROR 2020-09-27 21:09:42,855 basehttp 124 "POST /user/users/ HTTP/1.1" 500 87
ERROR 2020-09-27 21:14:10,167 exceptions 20 <user.views.UserAPIView object at 0x000001F77E9E5898> POST expected string or bytes-like object
ERROR 2020-09-27 21:14:10,192 basehttp 124 "POST /user/users/ HTTP/1.1" 500 7541
WARNING 2020-09-27 21:19:47,334 basehttp 124 "POST /user/users/ HTTP/1.1" 400 7526
ERROR 2020-09-27 21:20:11,629 exceptions 20 <user.views.UserAPIView object at 0x000001F77E9FC438> POST expected string or bytes-like object
ERROR 2020-09-27 21:20:11,656 basehttp 124 "POST /user/users/ HTTP/1.1" 500 7541
ERROR 2020-09-27 21:23:45,070 exceptions 20 <user.views.UserAPIView object at 0x000001F77EAAADD8> POST expected string or bytes-like object
ERROR 2020-09-27 21:23:45,092 basehttp 124 "POST /user/users/ HTTP/1.1" 500 7541
ERROR 2020-09-27 21:28:01,851 exceptions 20 <user.views.UserAPIView object at 0x000002344482D978> POST expected string or bytes-like object
ERROR 2020-09-27 21:28:01,909 basehttp 124 "POST /user/users/ HTTP/1.1" 500 7541
ERROR 2020-09-27 21:37:13,026 exceptions 20 <user.views.UserAPIView object at 0x0000023DA123D940> POST expected string or bytes-like object
ERROR 2020-09-27 21:37:13,073 basehttp 124 "POST /user/users/ HTTP/1.1" 500 7541
WARNING 2020-09-27 21:42:08,706 basehttp 124 "POST /user/users/ HTTP/1.1" 400 54
WARNING 2020-09-27 21:44:35,577 basehttp 124 "POST /user/users/ HTTP/1.1" 400 54
WARNING 2020-09-27 21:47:24,578 basehttp 124 "POST /user/users/ HTTP/1.1" 400 54
WARNING 2020-09-28 00:50:19,148 basehttp 124 "GET /user/users/ HTTP/1.1" 405 7495
WARNING 2020-09-28 00:50:20,283 base 93 Not Found: /favicon.ico
WARNING 2020-09-28 00:50:20,284 basehttp 124 "GET /favicon.ico HTTP/1.1" 404 2307
WARNING 2020-09-28 00:51:38,457 basehttp 124 "GET /user/users/ HTTP/1.1" 405 45
WARNING 2020-09-28 01:02:23,119 basehttp 124 "POST /user/users/ HTTP/1.1" 400 54
WARNING 2020-09-28 01:07:14,416 basehttp 124 "GET /user/sms/?phone=18003766456 HTTP/1.1" 400 62
WARNING 2020-09-28 01:07:32,006 basehttp 124 "POST /user/users/ HTTP/1.1" 400 54
WARNING 2020-09-28 01:08:19,717 basehttp 124 "POST /user/users/ HTTP/1.1" 400 54
WARNING 2020-09-28 01:09:24,971 basehttp 124 "POST /user/users/ HTTP/1.1" 400 54
WARNING 2020-09-28 01:14:24,564 basehttp 124 "POST /user/users/ HTTP/1.1" 400 54
WARNING 2020-09-28 08:34:23,425 basehttp 124 "POST /user/users/ HTTP/1.1" 400 54
WARNING 2020-09-28 10:00:07,760 base 93 Not Found: /favicon.ico
WARNING 2020-09-28 10:00:07,761 basehttp 124 "GET /favicon.ico HTTP/1.1" 404 2307
WARNING 2020-09-28 10:44:48,852 basehttp 124 "POST /user/users/ HTTP/1.1" 400 54
WARNING 2020-09-28 10:45:22,360 basehttp 124 "POST /user/users/ HTTP/1.1" 400 54
WARNING 2020-09-28 10:45:34,629 basehttp 124 "POST /user/users/ HTTP/1.1" 400 54
WARNING 2020-09-28 10:46:02,653 basehttp 124 "POST /user/users/ HTTP/1.1" 400 94
WARNING 2020-09-28 20:55:01,900 base 93 Not Found: /
WARNING 2020-09-28 20:55:01,901 basehttp 124 "GET / HTTP/1.1" 404 2256
ERROR 2020-09-28 21:05:25,583 basehttp 124 "GET /admin/course/coursecategory/ HTTP/1.1" 500 59
ERROR 2020-09-28 21:05:38,623 basehttp 124 "GET /admin/course/course/ HTTP/1.1" 500 59
WARNING 2020-09-29 08:29:33,424 log 228 Not Found: /favicon.ico
WARNING 2020-09-29 08:29:33,440 basehttp 154 "GET /favicon.ico HTTP/1.1" 404 2414
ERROR 2020-09-29 08:33:26,299 basehttp 154 "GET /home/header/ HTTP/1.1" 500 59
ERROR 2020-09-29 08:33:26,330 basehttp 154 "GET /home/banners/ HTTP/1.1" 500 59
ERROR 2020-09-29 08:33:26,331 basehttp 154 "GET /home/footer/ HTTP/1.1" 500 59
ERROR 2020-09-29 08:33:28,867 basehttp 154 "GET /home/banners/ HTTP/1.1" 500 59
ERROR 2020-09-29 08:33:28,868 basehttp 154 "GET /home/header/ HTTP/1.1" 500 59
ERROR 2020-09-29 08:33:28,875 basehttp 154 "GET /home/footer/ HTTP/1.1" 500 59
WARNING 2020-09-29 08:37:07,684 log 228 Not Found: /
WARNING 2020-09-29 08:37:07,686 basehttp 154 "GET / HTTP/1.1" 404 2363
ERROR 2020-09-29 08:52:53,617 log 228 Internal Server Error: /course/filter_course/
Traceback (most recent call last):
  File "D:\evn\env2004\lib\site-packages\django\core\handlers\exception.py", line 34, in inner
    response = get_response(request)
  File "D:\evn\env2004\lib\site-packages\django\core\handlers\base.py", line 145, in _get_response
    response = self.process_exception_by_middleware(e, request)
  File "D:\evn\env2004\lib\site-packages\django\core\handlers\base.py", line 143, in _get_response
    response = response.render()
  File "D:\evn\env2004\lib\site-packages\django\template\response.py", line 106, in render
    self.content = self.rendered_content
  File "D:\evn\env2004\lib\site-packages\rest_framework\response.py", line 70, in rendered_content
    ret = renderer.render(self.data, accepted_media_type, context)
  File "D:\evn\env2004\lib\site-packages\rest_framework\renderers.py", line 725, in render
    context = self.get_context(data, accepted_media_type, renderer_context)
  File "D:\evn\env2004\lib\site-packages\rest_framework\renderers.py", line 703, in get_context
    'filter_form': self.get_filter_form(data, view, request),
  File "D:\evn\env2004\lib\site-packages\rest_framework\renderers.py", line 635, in get_filter_form
    html = backend().to_html(request, queryset, view)
  File "D:\evn\env2004\lib\site-packages\django_filters\rest_framework\backends.py", line 103, in to_html
    template = loader.get_template(self.template)
  File "D:\evn\env2004\lib\site-packages\django\template\loader.py", line 19, in get_template
    raise TemplateDoesNotExist(template_name, chain=chain)
django.template.exceptions.TemplateDoesNotExist: django_filters/rest_framework/crispy_form.html
ERROR 2020-09-29 08:52:53,619 basehttp 154 "GET /course/filter_course/ HTTP/1.1" 500 112578
ERROR 2020-09-29 08:57:04,719 log 228 Internal Server Error: /course/filter_course/
Traceback (most recent call last):
  File "D:\evn\env2004\lib\site-packages\django\core\handlers\exception.py", line 34, in inner
    response = get_response(request)
  File "D:\evn\env2004\lib\site-packages\django\core\handlers\base.py", line 145, in _get_response
    response = self.process_exception_by_middleware(e, request)
  File "D:\evn\env2004\lib\site-packages\django\core\handlers\base.py", line 143, in _get_response
    response = response.render()
  File "D:\evn\env2004\lib\site-packages\django\template\response.py", line 106, in render
    self.content = self.rendered_content
  File "D:\evn\env2004\lib\site-packages\rest_framework\response.py", line 70, in rendered_content
    ret = renderer.render(self.data, accepted_media_type, context)
  File "D:\evn\env2004\lib\site-packages\rest_framework\renderers.py", line 725, in render
    context = self.get_context(data, accepted_media_type, renderer_context)
  File "D:\evn\env2004\lib\site-packages\rest_framework\renderers.py", line 703, in get_context
    'filter_form': self.get_filter_form(data, view, request),
  File "D:\evn\env2004\lib\site-packages\rest_framework\renderers.py", line 635, in get_filter_form
    html = backend().to_html(request, queryset, view)
  File "D:\evn\env2004\lib\site-packages\django_filters\rest_framework\backends.py", line 103, in to_html
    template = loader.get_template(self.template)
  File "D:\evn\env2004\lib\site-packages\django\template\loader.py", line 19, in get_template
    raise TemplateDoesNotExist(template_name, chain=chain)
django.template.exceptions.TemplateDoesNotExist: django_filters/rest_framework/crispy_form.html
ERROR 2020-09-29 08:57:04,720 basehttp 154 "GET /course/filter_course/ HTTP/1.1" 500 112842
WARNING 2020-09-29 08:59:57,768 log 228 Not Found: /media/course/2efe076a-8378-4980-9b94-606a0546fb93.png
WARNING 2020-09-29 08:59:57,769 basehttp 154 "GET /media/course/2efe076a-8378-4980-9b94-606a0546fb93.png HTTP/1.1" 404 1918
WARNING 2020-09-29 08:59:57,770 log 228 Not Found: /media/course/25b934c3-ade0-4176-81a1-8ca905d487c4.png
WARNING 2020-09-29 08:59:57,771 basehttp 154 "GET /media/course/25b934c3-ade0-4176-81a1-8ca905d487c4.png HTTP/1.1" 404 1918
WARNING 2020-09-29 09:00:04,707 log 228 Not Found: /media/course/2efe076a-8378-4980-9b94-606a0546fb93.png
WARNING 2020-09-29 09:00:04,708 basehttp 154 "GET /media/course/2efe076a-8378-4980-9b94-606a0546fb93.png HTTP/1.1" 404 1918
WARNING 2020-09-29 09:00:04,711 log 228 Not Found: /media/course/25b934c3-ade0-4176-81a1-8ca905d487c4.png
WARNING 2020-09-29 09:00:04,711 basehttp 154 "GET /media/course/25b934c3-ade0-4176-81a1-8ca905d487c4.png HTTP/1.1" 404 1918
WARNING 2020-09-29 09:01:21,153 log 228 Not Found: /media/course/2.jpeg
WARNING 2020-09-29 09:01:21,155 log 228 Not Found: /media/course/9000eeed-b0af-4df4-b6fb-c2becfcc5b18.jpg
WARNING 2020-09-29 09:01:21,156 basehttp 154 "GET /media/course/2.jpeg HTTP/1.1" 404 1816
WARNING 2020-09-29 09:01:21,157 basehttp 154 "GET /media/course/9000eeed-b0af-4df4-b6fb-c2becfcc5b18.jpg HTTP/1.1" 404 1918
WARNING 2020-09-29 09:01:21,178 log 228 Not Found: /media/course/a3dd8fd0-d395-4566-a573-a0e3f60d5f85.jpg
WARNING 2020-09-29 09:01:21,179 basehttp 154 "GET /media/course/a3dd8fd0-d395-4566-a573-a0e3f60d5f85.jpg HTTP/1.1" 404 1918
WARNING 2020-09-29 09:01:21,186 log 228 Not Found: /media/course/788dbf38-076d-4d1e-b7cc-4b69a5abbf35.png
WARNING 2020-09-29 09:01:21,187 basehttp 154 "GET /media/course/788dbf38-076d-4d1e-b7cc-4b69a5abbf35.png HTTP/1.1" 404 1918
WARNING 2020-09-29 09:01:21,189 log 228 Not Found: /media/course/307a9365-a113-4df8-916a-7396aa898b65.jpg
WARNING 2020-09-29 09:01:21,190 basehttp 154 "GET /media/course/307a9365-a113-4df8-916a-7396aa898b65.jpg HTTP/1.1" 404 1918
WARNING 2020-09-29 09:06:13,578 log 228 Not Found: /media/course/9000eeed-b0af-4df4-b6fb-c2becfcc5b18.jpg
WARNING 2020-09-29 09:06:13,579 log 228 Not Found: /media/course/2.jpeg
WARNING 2020-09-29 09:06:13,580 basehttp 154 "GET /media/course/9000eeed-b0af-4df4-b6fb-c2becfcc5b18.jpg HTTP/1.1" 404 1918
WARNING 2020-09-29 09:06:13,580 basehttp 154 "GET /media/course/2.jpeg HTTP/1.1" 404 1816
WARNING 2020-09-29 09:06:14,427 log 228 Not Found: /media/course/2.jpeg
WARNING 2020-09-29 09:06:14,428 basehttp 154 "GET /media/course/2.jpeg HTTP/1.1" 404 1816
WARNING 2020-09-29 09:06:15,215 log 228 Not Found: /media/course/307a9365-a113-4df8-916a-7396aa898b65.jpg
WARNING 2020-09-29 09:06:15,216 log 228 Not Found: /media/course/788dbf38-076d-4d1e-b7cc-4b69a5abbf35.png
WARNING 2020-09-29 09:06:15,217 basehttp 154 "GET /media/course/307a9365-a113-4df8-916a-7396aa898b65.jpg HTTP/1.1" 404 1918
WARNING 2020-09-29 09:06:15,217 basehttp 154 "GET /media/course/788dbf38-076d-4d1e-b7cc-4b69a5abbf35.png HTTP/1.1" 404 1918
WARNING 2020-09-29 09:06:15,914 log 228 Not Found: /media/course/9000eeed-b0af-4df4-b6fb-c2becfcc5b18.jpg
WARNING 2020-09-29 09:06:15,915 log 228 Not Found: /media/course/2.jpeg
WARNING 2020-09-29 09:06:15,916 basehttp 154 "GET /media/course/9000eeed-b0af-4df4-b6fb-c2becfcc5b18.jpg HTTP/1.1" 404 1918
WARNING 2020-09-29 09:06:15,916 basehttp 154 "GET /media/course/2.jpeg HTTP/1.1" 404 1816
WARNING 2020-09-29 09:07:53,974 log 228 Not Found: /media/course/2.jpeg
WARNING 2020-09-29 09:07:53,974 basehttp 154 "GET /media/course/2.jpeg HTTP/1.1" 404 1816
WARNING 2020-09-29 09:08:34,648 log 228 Not Found: /media/course/2.jpeg
WARNING 2020-09-29 09:08:34,649 basehttp 154 "GET /media/course/2.jpeg HTTP/1.1" 404 1816
WARNING 2020-09-29 09:08:35,620 log 228 Not Found: /media/course/2.jpeg
WARNING 2020-09-29 09:08:35,621 basehttp 154 "GET /media/course/2.jpeg HTTP/1.1" 404 1816
WARNING 2020-09-29 09:08:36,749 log 228 Not Found: /media/course/2.jpeg
WARNING 2020-09-29 09:08:36,750 basehttp 154 "GET /media/course/2.jpeg HTTP/1.1" 404 1816
WARNING 2020-09-29 09:08:39,175 log 228 Not Found: /media/course/2.jpeg
WARNING 2020-09-29 09:08:39,176 basehttp 154 "GET /media/course/2.jpeg HTTP/1.1" 404 1816
WARNING 2020-09-29 09:08:40,564 log 228 Not Found: /media/course/307a9365-a113-4df8-916a-7396aa898b65.jpg
WARNING 2020-09-29 09:08:40,565 basehttp 154 "GET /media/course/307a9365-a113-4df8-916a-7396aa898b65.jpg HTTP/1.1" 404 1918
WARNING 2020-09-29 09:08:43,073 log 228 Not Found: /media/course/2.jpeg
WARNING 2020-09-29 09:08:43,074 basehttp 154 "GET /media/course/2.jpeg HTTP/1.1" 404 1816
WARNING 2020-09-29 09:08:49,774 log 228 Not Found: /media/course/2.jpeg
WARNING 2020-09-29 09:08:49,775 basehttp 154 "GET /media/course/2.jpeg HTTP/1.1" 404 1816
WARNING 2020-09-29 09:09:17,078 log 228 Not Found: /media/course/2.jpeg
WARNING 2020-09-29 09:09:17,078 basehttp 154 "GET /media/course/2.jpeg HTTP/1.1" 404 1816
WARNING 2020-09-29 09:09:17,868 log 228 Not Found: /media/course/2.jpeg
WARNING 2020-09-29 09:09:17,868 basehttp 154 "GET /media/course/2.jpeg HTTP/1.1" 404 1816
WARNING 2020-09-29 09:09:18,401 log 228 Not Found: /media/course/307a9365-a113-4df8-916a-7396aa898b65.jpg
WARNING 2020-09-29 09:09:18,402 basehttp 154 "GET /media/course/307a9365-a113-4df8-916a-7396aa898b65.jpg HTTP/1.1" 404 1918
WARNING 2020-09-29 09:09:18,883 log 228 Not Found: /media/course/2.jpeg
WARNING 2020-09-29 09:09:18,883 basehttp 154 "GET /media/course/2.jpeg HTTP/1.1" 404 1816
WARNING 2020-09-29 09:09:44,505 log 228 Not Found: /media/course/2.jpeg
WARNING 2020-09-29 09:09:44,506 basehttp 154 "GET /media/course/2.jpeg HTTP/1.1" 404 1816
WARNING 2020-09-29 09:09:52,360 log 228 Not Found: /media/course/9000eeed-b0af-4df4-b6fb-c2becfcc5b18.jpg
WARNING 2020-09-29 09:09:52,361 basehttp 154 "GET /media/course/9000eeed-b0af-4df4-b6fb-c2becfcc5b18.jpg HTTP/1.1" 404 1918
WARNING 2020-09-29 09:10:04,335 log 228 Not Found: /course/filter_course/
WARNING 2020-09-29 09:10:04,337 basehttp 154 "GET /course/filter_course/?page=2&size=2&course_category=4&ordering=-id HTTP/1.1" 404 28
WARNING 2020-09-29 09:10:08,151 log 228 Not Found: /course/filter_course/
WARNING 2020-09-29 09:10:08,151 basehttp 154 "GET /course/filter_course/?page=2&size=2&course_category=7&ordering=-id HTTP/1.1" 404 28
WARNING 2020-09-29 09:10:09,199 log 228 Not Found: /media/course/788dbf38-076d-4d1e-b7cc-4b69a5abbf35.png
WARNING 2020-09-29 09:10:09,200 basehttp 154 "GET /media/course/788dbf38-076d-4d1e-b7cc-4b69a5abbf35.png HTTP/1.1" 404 1918
WARNING 2020-09-29 09:10:10,126 log 228 Not Found: /course/filter_course/
WARNING 2020-09-29 09:10:10,128 basehttp 154 "GET /course/filter_course/?page=2&size=2&course_category=6&ordering=-id HTTP/1.1" 404 28
WARNING 2020-09-29 09:10:11,121 log 228 Not Found: /media/course/9000eeed-b0af-4df4-b6fb-c2becfcc5b18.jpg
WARNING 2020-09-29 09:10:11,121 basehttp 154 "GET /media/course/9000eeed-b0af-4df4-b6fb-c2becfcc5b18.jpg HTTP/1.1" 404 1918
WARNING 2020-09-29 09:10:16,334 log 228 Not Found: /course/filter_course/
WARNING 2020-09-29 09:10:16,335 basehttp 154 "GET /course/filter_course/?page=2&size=2&course_category=6&ordering=-id HTTP/1.1" 404 28
WARNING 2020-09-29 09:10:22,416 log 228 Not Found: /media/course/788dbf38-076d-4d1e-b7cc-4b69a5abbf35.png
WARNING 2020-09-29 09:10:22,417 basehttp 154 "GET /media/course/788dbf38-076d-4d1e-b7cc-4b69a5abbf35.png HTTP/1.1" 404 1918
WARNING 2020-09-29 09:10:23,202 log 228 Not Found: /course/filter_course/
WARNING 2020-09-29 09:10:23,203 basehttp 154 "GET /course/filter_course/?page=2&size=2&course_category=7&ordering=-id HTTP/1.1" 404 28
WARNING 2020-09-29 09:10:24,022 log 228 Not Found: /course/filter_course/
WARNING 2020-09-29 09:10:24,023 basehttp 154 "GET /course/filter_course/?page=2&size=2&course_category=4&ordering=-id HTTP/1.1" 404 28
WARNING 2020-09-29 09:10:25,255 log 228 Not Found: /course/filter_course/
WARNING 2020-09-29 09:10:25,256 basehttp 154 "GET /course/filter_course/?page=2&size=2&course_category=8&ordering=-id HTTP/1.1" 404 28
WARNING 2020-09-29 09:10:25,985 log 228 Not Found: /media/course/2.jpeg
WARNING 2020-09-29 09:10:25,986 basehttp 154 "GET /media/course/2.jpeg HTTP/1.1" 404 1816
WARNING 2020-09-29 09:10:26,672 log 228 Not Found: /course/filter_course/
WARNING 2020-09-29 09:10:26,672 basehttp 154 "GET /course/filter_course/?page=2&size=2&course_category=5&ordering=-id HTTP/1.1" 404 28
WARNING 2020-09-29 09:10:51,662 log 228 Not Found: /media/course/2.jpeg
WARNING 2020-09-29 09:10:51,662 basehttp 154 "GET /media/course/2.jpeg HTTP/1.1" 404 1816
WARNING 2020-09-29 09:13:42,309 log 228 Not Found: /media/course/course-cover.jpeg
WARNING 2020-09-29 09:13:42,310 basehttp 154 "GET /media/course/course-cover.jpeg HTTP/1.1" 404 1849
WARNING 2020-09-29 09:13:42,313 log 228 Not Found: /media/course/2.jpeg
WARNING 2020-09-29 09:13:42,314 basehttp 154 "GET /media/course/2.jpeg HTTP/1.1" 404 1816
WARNING 2020-09-29 09:13:57,519 log 228 Not Found: /media/course/2.jpeg
WARNING 2020-09-29 09:13:57,520 log 228 Not Found: /media/course/9000eeed-b0af-4df4-b6fb-c2becfcc5b18.jpg
WARNING 2020-09-29 09:13:57,521 basehttp 154 "GET /media/course/2.jpeg HTTP/1.1" 404 1816
WARNING 2020-09-29 09:13:57,522 basehttp 154 "GET /media/course/9000eeed-b0af-4df4-b6fb-c2becfcc5b18.jpg HTTP/1.1" 404 1918
WARNING 2020-09-29 09:32:22,992 log 228 Not Found: /media/course/2.jpeg
WARNING 2020-09-29 09:32:22,994 basehttp 154 "GET /media/course/2.jpeg HTTP/1.1" 404 1816
WARNING 2020-09-29 09:32:23,036 log 228 Not Found: /media/course/9000eeed-b0af-4df4-b6fb-c2becfcc5b18.jpg
WARNING 2020-09-29 09:32:23,037 basehttp 154 "GET /media/course/9000eeed-b0af-4df4-b6fb-c2becfcc5b18.jpg HTTP/1.1" 404 1918
WARNING 2020-09-29 10:01:14,496 log 228 Not Found: /media/course/2.jpeg
WARNING 2020-09-29 10:01:14,498 basehttp 154 "GET /media/course/2.jpeg HTTP/1.1" 404 1816
WARNING 2020-09-29 10:01:46,713 log 228 Not Found: /media/course/course-cover.jpeg
WARNING 2020-09-29 10:01:46,715 basehttp 154 "GET /media/course/course-cover.jpeg HTTP/1.1" 404 1849
WARNING 2020-09-29 10:01:46,718 log 228 Not Found: /media/course/2.jpeg
WARNING 2020-09-29 10:01:46,719 basehttp 154 "GET /media/course/2.jpeg HTTP/1.1" 404 1816
WARNING 2020-09-29 10:01:52,530 log 228 Not Found: /media/course/course-cover.jpeg
WARNING 2020-09-29 10:01:52,532 basehttp 154 "GET /media/course/course-cover.jpeg HTTP/1.1" 404 1849
WARNING 2020-09-29 10:01:52,538 log 228 Not Found: /media/course/2.jpeg
WARNING 2020-09-29 10:01:52,539 basehttp 154 "GET /media/course/2.jpeg HTTP/1.1" 404 1816
WARNING 2020-09-29 10:02:04,448 log 228 Not Found: /media/course/2.jpeg
WARNING 2020-09-29 10:02:04,449 basehttp 154 "GET /media/course/2.jpeg HTTP/1.1" 404 1816
WARNING 2020-09-29 10:02:05,223 log 228 Not Found: /media/course/2.jpeg
WARNING 2020-09-29 10:02:05,224 basehttp 154 "GET /media/course/2.jpeg HTTP/1.1" 404 1816
WARNING 2020-09-29 10:02:07,257 log 228 Not Found: /media/course/2.jpeg
WARNING 2020-09-29 10:02:07,258 basehttp 154 "GET /media/course/2.jpeg HTTP/1.1" 404 1816
WARNING 2020-09-29 10:08:56,481 log 228 Not Found: /media/course/2.jpeg
WARNING 2020-09-29 10:08:56,483 basehttp 154 "GET /media/course/2.jpeg HTTP/1.1" 404 1816
WARNING 2020-09-29 10:08:56,518 log 228 Not Found: /media/course/9000eeed-b0af-4df4-b6fb-c2becfcc5b18.jpg
WARNING 2020-09-29 10:08:56,518 basehttp 154 "GET /media/course/9000eeed-b0af-4df4-b6fb-c2becfcc5b18.jpg HTTP/1.1" 404 1918
WARNING 2020-09-29 10:09:18,086 log 228 Not Found: /media/course/a3dd8fd0-d395-4566-a573-a0e3f60d5f85.jpg
WARNING 2020-09-29 10:09:18,087 basehttp 154 "GET /media/course/a3dd8fd0-d395-4566-a573-a0e3f60d5f85.jpg HTTP/1.1" 404 1918
WARNING 2020-09-29 10:09:31,980 log 228 Not Found: /media/course/788dbf38-076d-4d1e-b7cc-4b69a5abbf35.png
WARNING 2020-09-29 10:09:31,982 basehttp 154 "GET /media/course/788dbf38-076d-4d1e-b7cc-4b69a5abbf35.png HTTP/1.1" 404 1918
WARNING 2020-09-29 10:09:31,983 log 228 Not Found: /media/course/307a9365-a113-4df8-916a-7396aa898b65.jpg
WARNING 2020-09-29 10:09:31,984 basehttp 154 "GET /media/course/307a9365-a113-4df8-916a-7396aa898b65.jpg HTTP/1.1" 404 1918
WARNING 2020-09-29 10:09:44,682 log 228 Not Found: /course/filter_course/
WARNING 2020-09-29 10:09:44,683 basehttp 154 "GET /course/filter_course/?page=3&size=2&course_category=6&ordering=price HTTP/1.1" 404 28
WARNING 2020-09-29 10:51:19,914 log 228 Not Found: /media/course/2.jpeg
WARNING 2020-09-29 10:51:19,916 basehttp 154 "GET /media/course/2.jpeg HTTP/1.1" 404 1816
WARNING 2020-09-29 10:51:35,417 log 228 Not Found: /course/filter_course/
WARNING 2020-09-29 10:51:35,418 basehttp 154 "GET /course/filter_course/?page=3&size=2&course_category=8&ordering=price HTTP/1.1" 404 28
WARNING 2020-09-29 10:51:46,844 log 228 Not Found: /course/filter_course/
WARNING 2020-09-29 10:51:46,845 basehttp 154 "GET /course/filter_course/?page=3&size=2&course_category=5&ordering=price HTTP/1.1" 404 28
WARNING 2020-09-29 10:52:31,152 log 228 Not Found: /course/filter_course/
WARNING 2020-09-29 10:52:31,153 basehttp 154 "GET /course/filter_course/?page=3&size=2&course_category=4&ordering=price HTTP/1.1" 404 28
WARNING 2020-09-29 10:53:06,099 log 228 Not Found: /media/course/788dbf38-076d-4d1e-b7cc-4b69a5abbf35.png
WARNING 2020-09-29 10:53:06,100 basehttp 154 "GET /media/course/788dbf38-076d-4d1e-b7cc-4b69a5abbf35.png HTTP/1.1" 404 1918
WARNING 2020-09-29 10:53:39,685 log 228 Not Found: /course/filter_course/
WARNING 2020-09-29 10:53:39,686 basehttp 154 "GET /course/filter_course/?page=3&size=2&course_category=2&ordering=price HTTP/1.1" 404 28
WARNING 2020-09-29 10:53:57,270 log 228 Not Found: /course/filter_course/
WARNING 2020-09-29 10:53:57,271 basehttp 154 "GET /course/filter_course/?page=3&size=2&course_category=2&ordering=students HTTP/1.1" 404 28
WARNING 2020-09-29 10:53:58,149 log 228 Not Found: /course/filter_course/
WARNING 2020-09-29 10:53:58,150 basehttp 154 "GET /course/filter_course/?page=3&size=2&course_category=2&ordering=-students HTTP/1.1" 404 28
WARNING 2020-09-29 10:54:01,263 log 228 Not Found: /course/filter_course/
WARNING 2020-09-29 10:54:01,264 basehttp 154 "GET /course/filter_course/?page=3&size=2&course_category=2&ordering=students HTTP/1.1" 404 28
WARNING 2020-09-29 10:54:03,137 log 228 Not Found: /course/filter_course/
WARNING 2020-09-29 10:54:03,138 basehttp 154 "GET /course/filter_course/?page=3&size=2&course_category=2&ordering=-students HTTP/1.1" 404 28
WARNING 2020-09-29 10:54:07,195 log 228 Not Found: /media/course/2.jpeg
WARNING 2020-09-29 10:54:07,197 log 228 Not Found: /media/course/course-cover.jpeg
WARNING 2020-09-29 10:54:07,198 basehttp 154 "GET /media/course/course-cover.jpeg HTTP/1.1" 404 1849
WARNING 2020-09-29 10:54:07,198 basehttp 154 "GET /media/course/2.jpeg HTTP/1.1" 404 1816
WARNING 2020-09-29 10:55:41,911 log 228 Not Found: /media/course/307a9365-a113-4df8-916a-7396aa898b65.jpg
WARNING 2020-09-29 10:55:41,913 log 228 Not Found: /media/course/788dbf38-076d-4d1e-b7cc-4b69a5abbf35.png
WARNING 2020-09-29 10:55:41,914 basehttp 154 "GET /media/course/307a9365-a113-4df8-916a-7396aa898b65.jpg HTTP/1.1" 404 1918
WARNING 2020-09-29 10:55:41,915 basehttp 154 "GET /media/course/788dbf38-076d-4d1e-b7cc-4b69a5abbf35.png HTTP/1.1" 404 1918
WARNING 2020-09-29 10:55:49,338 log 228 Not Found: /media/course/a3dd8fd0-d395-4566-a573-a0e3f60d5f85.jpg
WARNING 2020-09-29 10:55:49,339 basehttp 154 "GET /media/course/a3dd8fd0-d395-4566-a573-a0e3f60d5f85.jpg HTTP/1.1" 404 1918
WARNING 2020-09-29 10:55:54,816 log 228 Not Found: /media/course/307a9365-a113-4df8-916a-7396aa898b65.jpg
WARNING 2020-09-29 10:55:54,817 basehttp 154 "GET /media/course/307a9365-a113-4df8-916a-7396aa898b65.jpg HTTP/1.1" 404 1918
WARNING 2020-09-29 10:56:00,490 log 228 Not Found: /media/course/788dbf38-076d-4d1e-b7cc-4b69a5abbf35.png
WARNING 2020-09-29 10:56:00,491 basehttp 154 "GET /media/course/788dbf38-076d-4d1e-b7cc-4b69a5abbf35.png HTTP/1.1" 404 1918
WARNING 2020-09-29 10:56:07,232 log 228 Not Found: /course/filter_course/
WARNING 2020-09-29 10:56:07,233 basehttp 154 "GET /course/filter_course/?page=2&size=2&course_category=7&ordering=-id HTTP/1.1" 404 28
WARNING 2020-09-29 10:56:13,433 log 228 Not Found: /course/filter_course/
WARNING 2020-09-29 10:56:13,435 basehttp 154 "GET /course/filter_course/?page=3&size=2&course_category=7&ordering=-id HTTP/1.1" 404 28
WARNING 2020-09-29 10:56:21,579 log 228 Not Found: /media/course/2.jpeg
WARNING 2020-09-29 10:56:21,580 basehttp 154 "GET /media/course/2.jpeg HTTP/1.1" 404 1816
WARNING 2020-09-29 10:56:59,320 log 228 Not Found: /media/course/2.jpeg
WARNING 2020-09-29 10:56:59,321 basehttp 154 "GET /media/course/2.jpeg HTTP/1.1" 404 1816
WARNING 2020-09-29 10:57:08,395 log 228 Not Found: /media/course/2.jpeg
WARNING 2020-09-29 10:57:08,396 basehttp 154 "GET /media/course/2.jpeg HTTP/1.1" 404 1816
WARNING 2020-09-29 10:57:08,405 log 228 Not Found: /media/course/9000eeed-b0af-4df4-b6fb-c2becfcc5b18.jpg
WARNING 2020-09-29 10:57:08,406 basehttp 154 "GET /media/course/9000eeed-b0af-4df4-b6fb-c2becfcc5b18.jpg HTTP/1.1" 404 1918
ERROR 2020-09-29 11:39:07,989 log 228 Internal Server Error: /course/filter_course/
Traceback (most recent call last):
  File "D:\evn\env2004\lib\site-packages\django\core\handlers\exception.py", line 34, in inner
    response = get_response(request)
  File "D:\evn\env2004\lib\site-packages\django\core\handlers\base.py", line 145, in _get_response
    response = self.process_exception_by_middleware(e, request)
  File "D:\evn\env2004\lib\site-packages\django\core\handlers\base.py", line 143, in _get_response
    response = response.render()
  File "D:\evn\env2004\lib\site-packages\django\template\response.py", line 106, in render
    self.content = self.rendered_content
  File "D:\evn\env2004\lib\site-packages\rest_framework\response.py", line 70, in rendered_content
    ret = renderer.render(self.data, accepted_media_type, context)
  File "D:\evn\env2004\lib\site-packages\rest_framework\renderers.py", line 725, in render
    context = self.get_context(data, accepted_media_type, renderer_context)
  File "D:\evn\env2004\lib\site-packages\rest_framework\renderers.py", line 703, in get_context
    'filter_form': self.get_filter_form(data, view, request),
  File "D:\evn\env2004\lib\site-packages\rest_framework\renderers.py", line 635, in get_filter_form
    html = backend().to_html(request, queryset, view)
  File "D:\evn\env2004\lib\site-packages\django_filters\rest_framework\backends.py", line 103, in to_html
    template = loader.get_template(self.template)
  File "D:\evn\env2004\lib\site-packages\django\template\loader.py", line 19, in get_template
    raise TemplateDoesNotExist(template_name, chain=chain)
django.template.exceptions.TemplateDoesNotExist: django_filters/rest_framework/crispy_form.html
ERROR 2020-09-29 11:39:07,992 basehttp 154 "GET /course/filter_course/ HTTP/1.1" 500 112707
WARNING 2020-09-29 11:54:49,363 log 228 Not Found: /media/course/9000eeed-b0af-4df4-b6fb-c2becfcc5b18.jpg
WARNING 2020-09-29 11:54:49,364 log 228 Not Found: /media/course/2.jpeg
WARNING 2020-09-29 11:54:49,366 basehttp 154 "GET /media/course/9000eeed-b0af-4df4-b6fb-c2becfcc5b18.jpg HTTP/1.1" 404 1918
WARNING 2020-09-29 11:54:49,366 basehttp 154 "GET /media/course/2.jpeg HTTP/1.1" 404 1816
WARNING 2020-09-29 11:54:49,959 log 228 Not Found: /media/course/307a9365-a113-4df8-916a-7396aa898b65.jpg
WARNING 2020-09-29 11:54:49,961 log 228 Not Found: /media/course/788dbf38-076d-4d1e-b7cc-4b69a5abbf35.png
WARNING 2020-09-29 11:54:49,961 basehttp 154 "GET /media/course/307a9365-a113-4df8-916a-7396aa898b65.jpg HTTP/1.1" 404 1918
WARNING 2020-09-29 11:54:49,962 basehttp 154 "GET /media/course/788dbf38-076d-4d1e-b7cc-4b69a5abbf35.png HTTP/1.1" 404 1918
WARNING 2020-09-29 11:55:16,915 log 228 Not Found: /media/course/2.jpeg
WARNING 2020-09-29 11:55:16,915 basehttp 154 "GET /media/course/2.jpeg HTTP/1.1" 404 1816
WARNING 2020-09-29 11:55:16,923 log 228 Not Found: /media/course/course-cover.jpeg
WARNING 2020-09-29 11:55:16,924 basehttp 154 "GET /media/course/course-cover.jpeg HTTP/1.1" 404 1849
WARNING 2020-09-29 11:55:16,976 log 228 Not Found: /media/course/307a9365-a113-4df8-916a-7396aa898b65.jpg
WARNING 2020-09-29 11:55:16,979 log 228 Not Found: /media/course/788dbf38-076d-4d1e-b7cc-4b69a5abbf35.png
WARNING 2020-09-29 11:55:16,981 log 228 Not Found: /media/course/9000eeed-b0af-4df4-b6fb-c2becfcc5b18.jpg
WARNING 2020-09-29 11:55:16,982 basehttp 154 "GET /media/course/307a9365-a113-4df8-916a-7396aa898b65.jpg HTTP/1.1" 404 1918
WARNING 2020-09-29 11:55:16,983 basehttp 154 "GET /media/course/788dbf38-076d-4d1e-b7cc-4b69a5abbf35.png HTTP/1.1" 404 1918
WARNING 2020-09-29 11:55:16,984 basehttp 154 "GET /media/course/9000eeed-b0af-4df4-b6fb-c2becfcc5b18.jpg HTTP/1.1" 404 1918
WARNING 2020-09-29 11:55:16,989 log 228 Not Found: /media/course/a3dd8fd0-d395-4566-a573-a0e3f60d5f85.jpg
WARNING 2020-09-29 11:55:16,990 basehttp 154 "GET /media/course/a3dd8fd0-d395-4566-a573-a0e3f60d5f85.jpg HTTP/1.1" 404 1918
WARNING 2020-09-29 19:39:53,529 log 228 Not Found: /favicon.ico
WARNING 2020-09-29 19:39:53,550 basehttp 154 "GET /favicon.ico HTTP/1.1" 404 2414
WARNING 2020-09-29 19:39:53,556 log 228 Not Found: /favicon.ico
WARNING 2020-09-29 19:39:53,557 basehttp 154 "GET /favicon.ico HTTP/1.1" 404 2414
WARNING 2020-09-29 19:40:00,769 log 228 Not Found: /media/course/2.jpeg
WARNING 2020-09-29 19:40:00,769 log 228 Not Found: /media/course/9000eeed-b0af-4df4-b6fb-c2becfcc5b18.jpg
WARNING 2020-09-29 19:40:00,769 basehttp 154 "GET /media/course/2.jpeg HTTP/1.1" 404 1816
WARNING 2020-09-29 19:40:00,769 basehttp 154 "GET /media/course/9000eeed-b0af-4df4-b6fb-c2becfcc5b18.jpg HTTP/1.1" 404 1918
WARNING 2020-09-29 19:40:12,975 log 228 Not Found: /media/course/307a9365-a113-4df8-916a-7396aa898b65.jpg
WARNING 2020-09-29 19:40:12,977 log 228 Not Found: /media/course/788dbf38-076d-4d1e-b7cc-4b69a5abbf35.png
WARNING 2020-09-29 19:40:12,977 basehttp 154 "GET /media/course/307a9365-a113-4df8-916a-7396aa898b65.jpg HTTP/1.1" 404 1918
WARNING 2020-09-29 19:40:12,978 basehttp 154 "GET /media/course/788dbf38-076d-4d1e-b7cc-4b69a5abbf35.png HTTP/1.1" 404 1918
WARNING 2020-09-29 19:40:32,927 log 228 Not Found: /media/course/a3dd8fd0-d395-4566-a573-a0e3f60d5f85.jpg
WARNING 2020-09-29 19:40:32,929 log 228 Not Found: /media/course/2.jpeg
WARNING 2020-09-29 19:40:32,930 basehttp 154 "GET /media/course/a3dd8fd0-d395-4566-a573-a0e3f60d5f85.jpg HTTP/1.1" 404 1918
WARNING 2020-09-29 19:40:32,930 basehttp 154 "GET /media/course/2.jpeg HTTP/1.1" 404 1816
WARNING 2020-09-29 19:40:49,674 log 228 Not Found: /media/course/2.jpeg
WARNING 2020-09-29 19:40:49,674 basehttp 154 "GET /media/course/2.jpeg HTTP/1.1" 404 1816
ERROR 2020-09-29 21:52:18,319 basehttp 154 "GET /home/footer/ HTTP/1.1" 500 59
ERROR 2020-09-29 21:52:18,332 basehttp 154 "GET /home/header/ HTTP/1.1" 500 59
WARNING 2020-09-29 21:53:40,564 log 228 Not Found: /course/category/'+this.course_id+'/
WARNING 2020-09-29 21:53:40,567 basehttp 154 "GET /course/category/'+this.course_id+'/ HTTP/1.1" 404 3254
WARNING 2020-09-29 21:55:22,335 log 228 Not Found: /course/category/29/
WARNING 2020-09-29 21:55:22,336 basehttp 154 "GET /course/category/29/ HTTP/1.1" 404 3182
WARNING 2020-09-29 21:55:55,162 log 228 Not Found: /course/detail/29/
WARNING 2020-09-29 21:55:55,164 basehttp 154 "GET /course/detail/29/ HTTP/1.1" 404 3176
WARNING 2020-09-29 21:55:56,763 log 228 Not Found: /course/detail/29/
WARNING 2020-09-29 21:55:56,764 basehttp 154 "GET /course/detail/29/ HTTP/1.1" 404 3176
ERROR 2020-09-29 21:55:57,168 basehttp 154 "GET /home/header/ HTTP/1.1" 500 59
ERROR 2020-09-29 21:55:57,179 basehttp 154 "GET /home/footer/ HTTP/1.1" 500 59
WARNING 2020-09-29 22:02:32,372 log 228 Not Found: /course/detail/
WARNING 2020-09-29 22:02:32,374 basehttp 154 "GET /course/detail/ HTTP/1.1" 404 3167
WARNING 2020-09-29 22:05:42,639 log 228 Not Found: /course/detail/
WARNING 2020-09-29 22:05:42,640 basehttp 154 "GET /course/detail/ HTTP/1.1" 404 3168
WARNING 2020-09-29 22:05:47,258 log 228 Not Found: /course/detail/
WARNING 2020-09-29 22:05:47,259 basehttp 154 "GET /course/detail/ HTTP/1.1" 404 3168
ERROR 2020-09-29 22:06:28,842 exceptions 20 <course.views.CourseDetailAPIView object at 0x00000197E6C6D2B0> GET Field name `level_name` is not valid for model `Course`.
ERROR 2020-09-29 22:06:28,900 log 228 Internal Server Error: /course/detail/2/
ERROR 2020-09-29 22:06:28,901 basehttp 154 "GET /course/detail/2/ HTTP/1.1" 500 5425
ERROR 2020-09-29 22:06:57,928 exceptions 20 <course.views.CourseDetailAPIView object at 0x00000197E6DAC710> GET Field name `level_name` is not valid for model `Course`.
ERROR 2020-09-29 22:06:57,930 log 228 Internal Server Error: /course/detail/29/
ERROR 2020-09-29 22:06:57,931 basehttp 154 "GET /course/detail/29/ HTTP/1.1" 500 87
ERROR 2020-09-29 22:12:57,976 exceptions 20 <course.views.CourseDetailAPIView object at 0x00000271D5F46748> GET Field name `course_video` is not valid for model `Course`.
ERROR 2020-09-29 22:12:57,989 log 228 Internal Server Error: /course/detail/29/
ERROR 2020-09-29 22:12:57,991 basehttp 154 "GET /course/detail/29/ HTTP/1.1" 500 87
WARNING 2020-09-29 22:37:32,579 log 228 Not Found: /media/teacher/logo2x.png
WARNING 2020-09-29 22:37:32,580 basehttp 154 "GET /media/teacher/logo2x.png HTTP/1.1" 404 1831
WARNING 2020-09-29 22:42:02,143 log 228 Not Found: /media/teacher/timg.jpg
WARNING 2020-09-29 22:42:02,144 basehttp 154 "GET /media/teacher/timg.jpg HTTP/1.1" 404 1825
WARNING 2020-10-06 14:22:42,380 log 228 Not Found: /
WARNING 2020-10-06 14:22:42,404 basehttp 154 "GET / HTTP/1.1" 404 2363
WARNING 2020-10-06 14:22:42,523 log 228 Not Found: /favicon.ico
WARNING 2020-10-06 14:22:42,523 basehttp 154 "GET /favicon.ico HTTP/1.1" 404 2414
WARNING 2020-10-06 15:28:11,563 log 228 Not Found: /chapter
WARNING 2020-10-06 15:28:11,564 basehttp 154 "GET /chapter HTTP/1.1" 404 2402
WARNING 2020-10-06 15:29:05,071 log 228 Not Found: /chapter/course=1
WARNING 2020-10-06 15:29:05,072 basehttp 154 "GET /chapter/course=1 HTTP/1.1" 404 2431
WARNING 2020-10-06 15:29:10,520 log 228 Not Found: /chapter/course=1
WARNING 2020-10-06 15:29:10,521 basehttp 154 "GET /chapter/course=1 HTTP/1.1" 404 2431
WARNING 2020-10-06 15:29:33,829 log 228 Not Found: /chapter/
WARNING 2020-10-06 15:29:33,830 basehttp 154 "GET /chapter/?course=1 HTTP/1.1" 404 2414
WARNING 2020-10-06 15:30:31,702 basehttp 154 "GET /static/rest_framework/css/bootstrap.min.css.map HTTP/1.1" 404 1744
ERROR 2020-10-06 15:50:20,874 basehttp 154 "GET /admin/jsi18n/ HTTP/1.1" 500 59
ERROR 2020-10-06 15:54:10,529 basehttp 154 "GET /admin/course/course/ HTTP/1.1" 500 59
WARNING 2020-10-07 16:00:42,021 log 228 Not Found: /cart/option/
WARNING 2020-10-07 16:00:42,031 basehttp 154 "POST /cart/option/ HTTP/1.1" 404 2527
WARNING 2020-10-07 16:01:33,688 log 228 Not Found: /cart/option/
WARNING 2020-10-07 16:01:33,689 basehttp 154 "POST /cart/option/ HTTP/1.1" 404 2527
WARNING 2020-10-07 16:01:42,683 log 228 Not Found: /cart/option/
WARNING 2020-10-07 16:01:42,684 basehttp 154 "POST /cart/option/ HTTP/1.1" 404 2527
WARNING 2020-10-07 16:01:45,184 log 228 Not Found: /cart/option/
WARNING 2020-10-07 16:01:45,185 basehttp 154 "POST /cart/option/ HTTP/1.1" 404 2527
WARNING 2020-10-07 16:05:52,179 log 228 Not Found: /cart/option/
WARNING 2020-10-07 16:05:52,180 basehttp 154 "POST /cart/option/ HTTP/1.1" 404 2527
WARNING 2020-10-07 16:08:30,113 log 228 Bad Request: /user/users/
WARNING 2020-10-07 16:08:30,113 basehttp 154 "POST /user/users/ HTTP/1.1" 400 54
WARNING 2020-10-07 16:08:49,771 log 228 Bad Request: /user/users/
WARNING 2020-10-07 16:08:49,772 basehttp 154 "POST /user/users/ HTTP/1.1" 400 54
WARNING 2020-10-07 16:11:21,497 log 228 Not Found: /cart/option/
WARNING 2020-10-07 16:11:21,497 basehttp 154 "POST /cart/option/ HTTP/1.1" 404 2527
WARNING 2020-10-07 16:12:57,856 log 228 Not Found: /cart/option/
WARNING 2020-10-07 16:12:57,857 basehttp 154 "POST /cart/option/ HTTP/1.1" 404 2527
ERROR 2020-10-07 16:15:30,703 log 228 Internal Server Error: /cart/option/
Traceback (most recent call last):
  File "D:\evn\env2004\lib\site-packages\django\core\handlers\exception.py", line 34, in inner
    response = get_response(request)
  File "D:\evn\env2004\lib\site-packages\django\core\handlers\base.py", line 115, in _get_response
    response = self.process_exception_by_middleware(e, request)
  File "D:\evn\env2004\lib\site-packages\django\core\handlers\base.py", line 113, in _get_response
    response = wrapped_callback(request, *callback_args, **callback_kwargs)
  File "D:\evn\env2004\lib\site-packages\django\views\decorators\csrf.py", line 54, in wrapped_view
    return view_func(*args, **kwargs)
  File "D:\evn\env2004\lib\site-packages\rest_framework\viewsets.py", line 103, in view
    handler = getattr(self, action)
AttributeError: 'CartViewSet' object has no attribute 'list_cart'
ERROR 2020-10-07 16:15:30,704 basehttp 154 "POST /cart/option/ HTTP/1.1" 500 76804
ERROR 2020-10-07 16:17:10,074 log 228 Internal Server Error: /cart/option/
Traceback (most recent call last):
  File "D:\evn\env2004\lib\site-packages\django\core\handlers\exception.py", line 34, in inner
    response = get_response(request)
  File "D:\evn\env2004\lib\site-packages\django\core\handlers\base.py", line 115, in _get_response
    response = self.process_exception_by_middleware(e, request)
  File "D:\evn\env2004\lib\site-packages\django\core\handlers\base.py", line 113, in _get_response
    response = wrapped_callback(request, *callback_args, **callback_kwargs)
  File "D:\evn\env2004\lib\site-packages\django\views\decorators\csrf.py", line 54, in wrapped_view
    return view_func(*args, **kwargs)
  File "D:\evn\env2004\lib\site-packages\rest_framework\viewsets.py", line 103, in view
    handler = getattr(self, action)
AttributeError: 'CartViewSet' object has no attribute 'list_cart'
ERROR 2020-10-07 16:17:10,076 basehttp 154 "POST /cart/option/ HTTP/1.1" 500 76804
ERROR 2020-10-07 16:17:20,664 log 228 Internal Server Error: /cart/option/
Traceback (most recent call last):
  File "D:\evn\env2004\lib\site-packages\django\core\handlers\exception.py", line 34, in inner
    response = get_response(request)
  File "D:\evn\env2004\lib\site-packages\django\core\handlers\base.py", line 115, in _get_response
    response = self.process_exception_by_middleware(e, request)
  File "D:\evn\env2004\lib\site-packages\django\core\handlers\base.py", line 113, in _get_response
    response = wrapped_callback(request, *callback_args, **callback_kwargs)
  File "D:\evn\env2004\lib\site-packages\django\views\decorators\csrf.py", line 54, in wrapped_view
    return view_func(*args, **kwargs)
  File "D:\evn\env2004\lib\site-packages\rest_framework\viewsets.py", line 103, in view
    handler = getattr(self, action)
AttributeError: 'CartViewSet' object has no attribute 'list_cart'
ERROR 2020-10-07 16:17:20,665 basehttp 154 "POST /cart/option/ HTTP/1.1" 500 76804
WARNING 2020-10-07 19:58:26,073 log 228 Unauthorized: /cart/option/
WARNING 2020-10-07 19:58:26,074 basehttp 154 "POST /cart/option/ HTTP/1.1" 401 35
WARNING 2020-10-07 19:59:48,350 log 228 Unauthorized: /cart/option/
WARNING 2020-10-07 19:59:48,351 basehttp 154 "POST /cart/option/ HTTP/1.1" 401 35
WARNING 2020-10-07 20:03:30,200 log 228 Unauthorized: /cart/option/
WARNING 2020-10-07 20:03:30,200 basehttp 154 "POST /cart/option/ HTTP/1.1" 401 35
WARNING 2020-10-07 20:03:51,815 log 228 Unauthorized: /cart/option/
WARNING 2020-10-07 20:03:51,815 basehttp 154 "POST /cart/option/ HTTP/1.1" 401 35
WARNING 2020-10-07 20:03:52,813 log 228 Unauthorized: /cart/option/
WARNING 2020-10-07 20:03:52,814 basehttp 154 "POST /cart/option/ HTTP/1.1" 401 35
WARNING 2020-10-07 20:28:53,911 log 228 Not Found: /media/course/9000eeed-b0af-4df4-b6fb-c2becfcc5b18.jpg
WARNING 2020-10-07 20:28:53,913 basehttp 154 "GET /media/course/9000eeed-b0af-4df4-b6fb-c2becfcc5b18.jpg HTTP/1.1" 404 1918
WARNING 2020-10-07 20:28:53,915 log 228 Not Found: /media/course/2.jpeg
WARNING 2020-10-07 20:28:53,916 basehttp 154 "GET /media/course/2.jpeg HTTP/1.1" 404 1816
WARNING 2020-10-07 20:29:03,192 log 228 Not Found: /media/course/2.jpeg
WARNING 2020-10-07 20:29:03,193 basehttp 154 "GET /media/course/2.jpeg HTTP/1.1" 404 1816
WARNING 2020-10-07 20:32:56,856 log 228 Not Found: /media/course/2.jpeg
WARNING 2020-10-07 20:32:56,857 basehttp 154 "GET /media/course/2.jpeg HTTP/1.1" 404 1816
WARNING 2020-10-07 22:33:17,552 log 228 Not Found: /
WARNING 2020-10-07 22:33:17,553 basehttp 154 "GET / HTTP/1.1" 404 2577
WARNING 2020-10-07 22:34:18,156 log 228 Unauthorized: /cart/option/
WARNING 2020-10-07 22:34:18,157 basehttp 154 "GET /cart/option/ HTTP/1.1" 401 5056
WARNING 2020-10-07 22:35:57,489 log 228 Unauthorized: /cart/option/
WARNING 2020-10-07 22:35:57,489 basehttp 154 "GET /cart/option/ HTTP/1.1" 401 5056
WARNING 2020-10-07 22:36:05,289 log 228 Unauthorized: /cart/option/
WARNING 2020-10-07 22:36:05,290 basehttp 154 "GET /cart/option/ HTTP/1.1" 401 5056
WARNING 2020-10-07 22:36:57,793 log 228 Unauthorized: /cart/option/
WARNING 2020-10-07 22:36:57,794 basehttp 154 "GET /cart/option/ HTTP/1.1" 401 5056
WARNING 2020-10-07 22:37:01,498 log 228 Unauthorized: /cart/option/
WARNING 2020-10-07 22:37:01,499 basehttp 154 "GET /cart/option/ HTTP/1.1" 401 5056
WARNING 2020-10-07 22:37:02,909 log 228 Unauthorized: /cart/option/
WARNING 2020-10-07 22:37:02,910 basehttp 154 "GET /cart/option/ HTTP/1.1" 401 5056
WARNING 2020-10-07 22:37:03,308 log 228 Unauthorized: /cart/option/
WARNING 2020-10-07 22:37:03,309 basehttp 154 "GET /cart/option/ HTTP/1.1" 401 5056
WARNING 2020-10-07 22:37:36,120 log 228 Unauthorized: /cart/option/
WARNING 2020-10-07 22:37:36,121 basehttp 154 "GET /cart/option/ HTTP/1.1" 401 5056
WARNING 2020-10-07 22:37:42,118 log 228 Unauthorized: /cart/option/
WARNING 2020-10-07 22:37:42,119 basehttp 154 "GET /cart/option/ HTTP/1.1" 401 5056
WARNING 2020-10-07 22:37:44,224 log 228 Not Found: /cart
WARNING 2020-10-07 22:37:44,224 basehttp 154 "GET /cart HTTP/1.1" 404 2607
WARNING 2020-10-07 22:37:54,185 log 228 Not Found: /cart/opton
WARNING 2020-10-07 22:37:54,186 basehttp 154 "GET /cart/opton HTTP/1.1" 404 2679
WARNING 2020-10-07 22:38:06,377 log 228 Unauthorized: /cart/option/
WARNING 2020-10-07 22:38:06,377 basehttp 154 "GET /cart/option/ HTTP/1.1" 401 5056
WARNING 2020-10-07 22:44:57,030 log 228 Bad Request: /cart/option/
WARNING 2020-10-07 22:44:57,031 basehttp 154 "POST /cart/option/ HTTP/1.1" 400 6867
WARNING 2020-10-07 23:20:08,481 log 228 Unauthorized: /cart/option/
WARNING 2020-10-07 23:20:08,482 basehttp 154 "GET /cart/option/ HTTP/1.1" 401 5056
WARNING 2020-10-07 23:20:18,918 log 228 Unauthorized: /cart/option/
WARNING 2020-10-07 23:20:18,919 basehttp 154 "GET /cart/option/?format=api HTTP/1.1" 401 5089
WARNING 2020-10-07 23:20:24,854 log 228 Unauthorized: /cart/option/
WARNING 2020-10-07 23:20:24,855 basehttp 154 "GET /cart/option/?format=api HTTP/1.1" 401 5089
WARNING 2020-10-07 23:20:26,967 log 228 Unauthorized: /cart/option/
WARNING 2020-10-07 23:20:26,968 basehttp 154 "GET /cart/option/?format=json HTTP/1.1" 401 43
WARNING 2020-10-07 23:20:32,014 log 228 Unauthorized: /cart/option/
WARNING 2020-10-07 23:20:32,015 basehttp 154 "GET /cart/option/?format=json HTTP/1.1" 401 43
WARNING 2020-10-07 23:20:39,263 log 228 Unauthorized: /cart/option/
WARNING 2020-10-07 23:20:39,264 basehttp 154 "GET /cart/option/ HTTP/1.1" 401 5056
ERROR 2020-10-08 00:00:55,983 log 228 Internal Server Error: /user/sms/
ERROR 2020-10-08 00:00:55,984 basehttp 154 "GET /user/sms/?phone=18003766456 HTTP/1.1" 500 32
WARNING 2020-10-08 00:01:19,148 log 228 Bad Request: /user/sms/
WARNING 2020-10-08 00:01:19,149 basehttp 154 "GET /user/sms/?phone=18003766456 HTTP/1.1" 400 62
WARNING 2020-10-08 00:01:42,620 log 228 Bad Request: /user/sms/
WARNING 2020-10-08 00:01:42,621 basehttp 154 "GET /user/sms/?phone=18003766456 HTTP/1.1" 400 62
WARNING 2020-10-08 00:01:50,468 log 228 Bad Request: /user/sms/
WARNING 2020-10-08 00:01:50,469 basehttp 154 "GET /user/sms/?phone=18003766456 HTTP/1.1" 400 62
WARNING 2020-10-08 00:08:00,205 log 228 Bad Request: /user/sms/
WARNING 2020-10-08 00:08:00,206 basehttp 154 "GET /user/sms/?phone=18003766456 HTTP/1.1" 400 62
WARNING 2020-10-08 09:30:01,829 log 228 Unauthorized: /cart/option/
WARNING 2020-10-08 09:30:01,848 basehttp 154 "POST /cart/option/ HTTP/1.1" 401 35
WARNING 2020-10-08 09:30:05,279 log 228 Unauthorized: /cart/option/
WARNING 2020-10-08 09:30:05,279 basehttp 154 "POST /cart/option/ HTTP/1.1" 401 35
WARNING 2020-10-08 09:31:46,924 log 228 Not Found: /
WARNING 2020-10-08 09:31:46,925 basehttp 154 "GET / HTTP/1.1" 404 2577
WARNING 2020-10-08 09:31:47,069 log 228 Not Found: /favicon.ico
WARNING 2020-10-08 09:31:47,069 basehttp 154 "GET /favicon.ico HTTP/1.1" 404 2628
WARNING 2020-10-08 10:26:51,944 log 228 Unauthorized: /cart/option/
WARNING 2020-10-08 10:26:51,945 basehttp 154 "GET /cart/option/ HTTP/1.1" 401 35
WARNING 2020-10-08 10:26:59,951 log 228 Unauthorized: /cart/option/
WARNING 2020-10-08 10:26:59,952 basehttp 154 "GET /cart/option/ HTTP/1.1" 401 35
WARNING 2020-10-08 10:27:14,147 log 228 Unauthorized: /cart/option/
WARNING 2020-10-08 10:27:14,148 basehttp 154 "GET /cart/option/ HTTP/1.1" 401 35
WARNING 2020-10-08 10:31:33,465 log 228 Not Found: /media/course/2.jpeg
WARNING 2020-10-08 10:31:33,466 basehttp 154 "GET /media/course/2.jpeg HTTP/1.1" 404 1816
ERROR 2020-10-08 18:14:30,945 log 228 Internal Server Error: /user/sms/
ERROR 2020-10-08 18:14:30,946 basehttp 154 "GET /user/sms/?phone=18003766451 HTTP/1.1" 500 32
ERROR 2020-10-08 18:14:38,673 log 228 Internal Server Error: /user/sms/
ERROR 2020-10-08 18:14:38,674 basehttp 154 "GET /user/sms/?phone=18003766459 HTTP/1.1" 500 32
ERROR 2020-10-08 18:18:13,892 log 228 Internal Server Error: /user/sms/
ERROR 2020-10-08 18:18:13,893 basehttp 154 "GET /user/sms/?phone=18003766458 HTTP/1.1" 500 32
ERROR 2020-10-08 18:20:44,379 log 228 Internal Server Error: /user/sms/
ERROR 2020-10-08 18:20:44,380 basehttp 154 "GET /user/sms/?phone=18003766457 HTTP/1.1" 500 32
WARNING 2020-10-08 18:21:02,848 log 228 Bad Request: /user/users/
WARNING 2020-10-08 18:21:02,849 basehttp 154 "POST /user/users/ HTTP/1.1" 400 54
WARNING 2020-10-08 18:21:19,554 log 228 Bad Request: /user/users/
WARNING 2020-10-08 18:21:19,555 basehttp 154 "POST /user/users/ HTTP/1.1" 400 54
WARNING 2020-10-08 18:21:21,777 log 228 Bad Request: /user/users/
WARNING 2020-10-08 18:21:21,778 basehttp 154 "POST /user/users/ HTTP/1.1" 400 54
WARNING 2020-10-08 19:09:31,058 log 228 Bad Request: /user/users/
WARNING 2020-10-08 19:09:31,058 basehttp 154 "POST /user/users/ HTTP/1.1" 400 49
WARNING 2020-10-08 19:09:46,617 log 228 Bad Request: /user/users/
WARNING 2020-10-08 19:09:46,619 basehttp 154 "POST /user/users/ HTTP/1.1" 400 54
WARNING 2020-10-08 19:14:21,699 log 228 Bad Request: /user/users/
WARNING 2020-10-08 19:14:21,700 basehttp 154 "POST /user/users/ HTTP/1.1" 400 54
WARNING 2020-10-08 19:48:10,662 log 228 Bad Request: /user/users/
WARNING 2020-10-08 19:48:10,663 basehttp 154 "POST /user/users/ HTTP/1.1" 400 54
WARNING 2020-10-08 21:40:53,590 log 228 Method Not Allowed: /user/sms/
WARNING 2020-10-08 21:40:53,591 basehttp 154 "POST /user/sms/ HTTP/1.1" 405 32
WARNING 2020-10-08 21:41:37,117 log 228 Method Not Allowed: /user/sms/
WARNING 2020-10-08 21:41:37,118 basehttp 154 "POST /user/sms/ HTTP/1.1" 405 32
WARNING 2020-10-08 21:42:15,105 log 228 Unauthorized: /cart/option/
WARNING 2020-10-08 21:42:15,106 basehttp 154 "GET /cart/option/ HTTP/1.1" 401 38
WARNING 2020-10-08 21:42:28,559 log 228 Unauthorized: /cart/option/
WARNING 2020-10-08 21:42:28,559 basehttp 154 "GET /cart/option/ HTTP/1.1" 401 38
WARNING 2020-10-08 21:43:00,087 log 228 Not Found: /media/course/2.jpeg
WARNING 2020-10-08 21:43:00,088 basehttp 154 "GET /media/course/2.jpeg HTTP/1.1" 404 1816
WARNING 2020-10-08 22:52:04,292 log 228 Bad Request: /user/sms/
WARNING 2020-10-08 22:52:04,293 basehttp 154 "GET /user/sms/?phone=18003766456 HTTP/1.1" 400 62
WARNING 2020-10-08 23:23:27,575 log 228 Not Found: /course/detail/
WARNING 2020-10-08 23:23:27,578 basehttp 154 "GET /course/detail/?course=29 HTTP/1.1" 404 3554
WARNING 2020-10-08 23:26:28,130 log 228 Not Found: /course/detail/
WARNING 2020-10-08 23:26:28,131 basehttp 154 "GET /course/detail/?course=29 HTTP/1.1" 404 3554
WARNING 2020-10-08 23:26:32,431 log 228 Not Found: /course/detail/
WARNING 2020-10-08 23:26:32,432 basehttp 154 "GET /course/detail/?course=29 HTTP/1.1" 404 3554
WARNING 2020-10-08 23:26:48,743 log 228 Not Found: /course/detail/
WARNING 2020-10-08 23:26:48,744 basehttp 154 "GET /course/detail/?course=28 HTTP/1.1" 404 3554
WARNING 2020-10-08 23:28:06,624 log 228 Not Found: /course/detail/
WARNING 2020-10-08 23:28:06,625 basehttp 154 "GET /course/detail/?course=28 HTTP/1.1" 404 3554
WARNING 2020-10-09 00:08:08,077 log 228 Not Found: /media/course/2.jpeg
WARNING 2020-10-09 00:08:08,078 basehttp 154 "GET /media/course/2.jpeg HTTP/1.1" 404 1816
WARNING 2020-10-09 00:35:13,718 log 228 Not Found: /course/detail/
WARNING 2020-10-09 00:35:13,719 basehttp 154 "GET /course/detail/?course=29 HTTP/1.1" 404 3554
WARNING 2020-10-09 00:59:32,294 log 228 Unauthorized: /cart/option/
WARNING 2020-10-09 00:59:32,297 basehttp 154 "GET /cart/option/ HTTP/1.1" 401 35
WARNING 2020-10-09 00:59:41,244 log 228 Unauthorized: /cart/option/
WARNING 2020-10-09 00:59:41,245 basehttp 154 "GET /cart/option/ HTTP/1.1" 401 35
WARNING 2020-10-09 01:00:32,918 log 228 Not Found: /course/detail/
WARNING 2020-10-09 01:00:32,919 basehttp 154 "GET /course/detail/?course=29 HTTP/1.1" 404 3554
WARNING 2020-10-09 01:00:41,529 log 228 Not Found: /media/course/2.jpeg
WARNING 2020-10-09 01:00:41,531 basehttp 154 "GET /media/course/2.jpeg HTTP/1.1" 404 1816
WARNING 2020-10-09 01:02:22,918 log 228 Not Found: /media/course/2.jpeg
WARNING 2020-10-09 01:02:22,919 basehttp 154 "GET /media/course/2.jpeg HTTP/1.1" 404 1816
WARNING 2020-10-09 01:11:17,499 log 228 Not Found: /media/course/2.jpeg
WARNING 2020-10-09 01:11:17,500 basehttp 154 "GET /media/course/2.jpeg HTTP/1.1" 404 1816
WARNING 2020-10-09 01:11:36,917 log 228 Not Found: /cart/option/${this.id}}
WARNING 2020-10-09 01:11:36,918 basehttp 154 "DELETE /cart/option/$%7Bthis.id%7D%7D HTTP/1.1" 404 2727
WARNING 2020-10-09 08:33:48,332 log 228 Unauthorized: /cart/option/
WARNING 2020-10-09 08:33:48,332 basehttp 154 "GET /cart/option/ HTTP/1.1" 401 35
WARNING 2020-10-09 08:34:32,809 log 228 Not Found: /course/detail/
WARNING 2020-10-09 08:34:32,810 basehttp 154 "GET /course/detail/?course=29 HTTP/1.1" 404 3554
WARNING 2020-10-09 08:34:39,329 log 228 Not Found: /media/course/2.jpeg
WARNING 2020-10-09 08:34:39,330 basehttp 154 "GET /media/course/2.jpeg HTTP/1.1" 404 1816
WARNING 2020-10-09 08:39:37,463 log 228 Not Found: /media/course/2.jpeg
WARNING 2020-10-09 08:39:37,464 basehttp 154 "GET /media/course/2.jpeg HTTP/1.1" 404 1816
WARNING 2020-10-09 08:39:41,098 log 228 Not Found: /favicon.ico
WARNING 2020-10-09 08:39:41,098 basehttp 154 "GET /favicon.ico HTTP/1.1" 404 2628
ERROR 2020-10-09 08:39:59,111 basehttp 154 "GET /admin/course/coursechapter/ HTTP/1.1" 500 59
WARNING 2020-10-09 08:41:45,523 log 228 Not Found: /media/course/2.jpeg
WARNING 2020-10-09 08:41:45,524 basehttp 154 "GET /media/course/2.jpeg HTTP/1.1" 404 1816
WARNING 2020-10-09 08:51:55,089 log 228 Not Found: /media/course/2.jpeg
WARNING 2020-10-09 08:51:55,091 basehttp 154 "GET /media/course/2.jpeg HTTP/1.1" 404 1816
ERROR 2020-10-09 08:51:59,179 exceptions 20 <cart.views.CartViewSet object at 0x000001D724F201D0> DELETE Invalid input of type: 'NoneType'. Convert to a byte, string or number first.
ERROR 2020-10-09 08:51:59,179 log 228 Internal Server Error: /cart/option/
ERROR 2020-10-09 08:51:59,179 basehttp 154 "DELETE /cart/option/ HTTP/1.1" 500 87
ERROR 2020-10-09 08:52:47,336 exceptions 20 <cart.views.CartViewSet object at 0x000001D724F2C0B8> DELETE Invalid input of type: 'NoneType'. Convert to a byte, string or number first.
ERROR 2020-10-09 08:52:47,336 log 228 Internal Server Error: /cart/option/
ERROR 2020-10-09 08:52:47,336 basehttp 154 "DELETE /cart/option/ HTTP/1.1" 500 87
ERROR 2020-10-09 08:52:49,392 exceptions 20 <cart.views.CartViewSet object at 0x000001D7217C9C50> DELETE Invalid input of type: 'NoneType'. Convert to a byte, string or number first.
ERROR 2020-10-09 08:52:49,392 log 228 Internal Server Error: /cart/option/
ERROR 2020-10-09 08:52:49,392 basehttp 154 "DELETE /cart/option/ HTTP/1.1" 500 87
ERROR 2020-10-09 08:52:51,456 exceptions 20 <cart.views.CartViewSet object at 0x000001D724B31EB8> DELETE Invalid input of type: 'NoneType'. Convert to a byte, string or number first.
ERROR 2020-10-09 08:52:51,459 log 228 Internal Server Error: /cart/option/
ERROR 2020-10-09 08:52:51,460 basehttp 154 "DELETE /cart/option/ HTTP/1.1" 500 87
ERROR 2020-10-09 08:52:53,470 exceptions 20 <cart.views.CartViewSet object at 0x000001D724C33358> DELETE Invalid input of type: 'NoneType'. Convert to a byte, string or number first.
ERROR 2020-10-09 08:52:53,470 log 228 Internal Server Error: /cart/option/
ERROR 2020-10-09 08:52:53,470 basehttp 154 "DELETE /cart/option/ HTTP/1.1" 500 87
ERROR 2020-10-09 08:52:55,507 exceptions 20 <cart.views.CartViewSet object at 0x000001D724812898> DELETE Invalid input of type: 'NoneType'. Convert to a byte, string or number first.
ERROR 2020-10-09 08:52:55,507 log 228 Internal Server Error: /cart/option/
ERROR 2020-10-09 08:52:55,507 basehttp 154 "DELETE /cart/option/ HTTP/1.1" 500 87
ERROR 2020-10-09 08:54:09,119 exceptions 20 <cart.views.CartViewSet object at 0x000001D724A20748> DELETE Invalid input of type: 'NoneType'. Convert to a byte, string or number first.
ERROR 2020-10-09 08:54:09,119 log 228 Internal Server Error: /cart/option/
ERROR 2020-10-09 08:54:09,119 basehttp 154 "DELETE /cart/option/ HTTP/1.1" 500 87
WARNING 2020-10-09 09:07:29,173 log 228 Not Found: /media/course/2.jpeg
WARNING 2020-10-09 09:07:29,173 basehttp 154 "GET /media/course/2.jpeg HTTP/1.1" 404 1816
WARNING 2020-10-09 09:11:08,833 log 228 Not Found: /media/course/2.jpeg
WARNING 2020-10-09 09:11:08,834 basehttp 154 "GET /media/course/2.jpeg HTTP/1.1" 404 1816
WARNING 2020-10-09 09:11:13,103 log 228 Not Found: /media/course/2.jpeg
WARNING 2020-10-09 09:11:13,104 basehttp 154 "GET /media/course/2.jpeg HTTP/1.1" 404 1816
ERROR 2020-10-09 09:11:21,618 exceptions 20 <cart.views.CartViewSet object at 0x0000013D6E0604E0> DELETE Invalid input of type: 'NoneType'. Convert to a byte, string or number first.
ERROR 2020-10-09 09:11:21,620 log 228 Internal Server Error: /cart/option/
ERROR 2020-10-09 09:11:21,621 basehttp 154 "DELETE /cart/option/ HTTP/1.1" 500 87
ERROR 2020-10-09 09:11:23,641 exceptions 20 <cart.views.CartViewSet object at 0x0000013D6DF92F60> DELETE Invalid input of type: 'NoneType'. Convert to a byte, string or number first.
ERROR 2020-10-09 09:11:23,642 log 228 Internal Server Error: /cart/option/
ERROR 2020-10-09 09:11:23,643 basehttp 154 "DELETE /cart/option/ HTTP/1.1" 500 87
ERROR 2020-10-09 09:11:25,655 exceptions 20 <cart.views.CartViewSet object at 0x0000013D6DF74E10> DELETE Invalid input of type: 'NoneType'. Convert to a byte, string or number first.
ERROR 2020-10-09 09:11:25,655 log 228 Internal Server Error: /cart/option/
ERROR 2020-10-09 09:11:25,655 basehttp 154 "DELETE /cart/option/ HTTP/1.1" 500 87
ERROR 2020-10-09 09:11:27,694 exceptions 20 <cart.views.CartViewSet object at 0x0000013D6E0152B0> DELETE Invalid input of type: 'NoneType'. Convert to a byte, string or number first.
ERROR 2020-10-09 09:11:27,697 log 228 Internal Server Error: /cart/option/
ERROR 2020-10-09 09:11:27,698 basehttp 154 "DELETE /cart/option/ HTTP/1.1" 500 87
ERROR 2020-10-09 09:11:29,723 exceptions 20 <cart.views.CartViewSet object at 0x0000013D6DF74E48> DELETE Invalid input of type: 'NoneType'. Convert to a byte, string or number first.
ERROR 2020-10-09 09:11:29,723 log 228 Internal Server Error: /cart/option/
ERROR 2020-10-09 09:11:29,723 basehttp 154 "DELETE /cart/option/ HTTP/1.1" 500 87
ERROR 2020-10-09 09:11:31,762 exceptions 20 <cart.views.CartViewSet object at 0x0000013D6E3C9240> DELETE Invalid input of type: 'NoneType'. Convert to a byte, string or number first.
ERROR 2020-10-09 09:11:31,762 log 228 Internal Server Error: /cart/option/
ERROR 2020-10-09 09:11:31,762 basehttp 154 "DELETE /cart/option/ HTTP/1.1" 500 87
ERROR 2020-10-09 09:11:33,823 exceptions 20 <cart.views.CartViewSet object at 0x0000013D6E3C9550> DELETE Invalid input of type: 'NoneType'. Convert to a byte, string or number first.
ERROR 2020-10-09 09:11:33,823 log 228 Internal Server Error: /cart/option/
ERROR 2020-10-09 09:11:33,823 basehttp 154 "DELETE /cart/option/ HTTP/1.1" 500 87
WARNING 2020-10-09 09:17:22,266 log 228 Not Found: /media/course/2.jpeg
WARNING 2020-10-09 09:17:22,267 basehttp 154 "GET /media/course/2.jpeg HTTP/1.1" 404 1816
ERROR 2020-10-09 09:17:33,985 log 228 Internal Server Error: /cart/option/
Traceback (most recent call last):
  File "D:\evn\env2004\lib\site-packages\django\core\handlers\exception.py", line 34, in inner
    response = get_response(request)
  File "D:\evn\env2004\lib\site-packages\django\core\handlers\base.py", line 115, in _get_response
    response = self.process_exception_by_middleware(e, request)
  File "D:\evn\env2004\lib\site-packages\django\core\handlers\base.py", line 113, in _get_response
    response = wrapped_callback(request, *callback_args, **callback_kwargs)
  File "D:\evn\env2004\lib\site-packages\django\views\decorators\csrf.py", line 54, in wrapped_view
    return view_func(*args, **kwargs)
  File "D:\evn\env2004\lib\site-packages\rest_framework\viewsets.py", line 103, in view
    handler = getattr(self, action)
AttributeError: 'CartViewSet' object has no attribute 'change_select'
ERROR 2020-10-09 09:17:33,987 basehttp 154 "DELETE /cart/option/ HTTP/1.1" 500 76907
ERROR 2020-10-09 09:17:34,116 log 228 Internal Server Error: /cart/option/
Traceback (most recent call last):
  File "D:\evn\env2004\lib\site-packages\django\core\handlers\exception.py", line 34, in inner
    response = get_response(request)
  File "D:\evn\env2004\lib\site-packages\django\core\handlers\base.py", line 115, in _get_response
    response = self.process_exception_by_middleware(e, request)
  File "D:\evn\env2004\lib\site-packages\django\core\handlers\base.py", line 113, in _get_response
    response = wrapped_callback(request, *callback_args, **callback_kwargs)
  File "D:\evn\env2004\lib\site-packages\django\views\decorators\csrf.py", line 54, in wrapped_view
    return view_func(*args, **kwargs)
  File "D:\evn\env2004\lib\site-packages\rest_framework\viewsets.py", line 103, in view
    handler = getattr(self, action)
AttributeError: 'CartViewSet' object has no attribute 'change_select'
ERROR 2020-10-09 09:17:34,116 basehttp 154 "DELETE /cart/option/ HTTP/1.1" 500 76907
ERROR 2020-10-09 09:17:34,348 log 228 Internal Server Error: /cart/option/
Traceback (most recent call last):
  File "D:\evn\env2004\lib\site-packages\django\core\handlers\exception.py", line 34, in inner
    response = get_response(request)
  File "D:\evn\env2004\lib\site-packages\django\core\handlers\base.py", line 115, in _get_response
    response = self.process_exception_by_middleware(e, request)
  File "D:\evn\env2004\lib\site-packages\django\core\handlers\base.py", line 113, in _get_response
    response = wrapped_callback(request, *callback_args, **callback_kwargs)
  File "D:\evn\env2004\lib\site-packages\django\views\decorators\csrf.py", line 54, in wrapped_view
    return view_func(*args, **kwargs)
  File "D:\evn\env2004\lib\site-packages\rest_framework\viewsets.py", line 103, in view
    handler = getattr(self, action)
AttributeError: 'CartViewSet' object has no attribute 'change_select'
ERROR 2020-10-09 09:17:34,348 basehttp 154 "DELETE /cart/option/ HTTP/1.1" 500 76907
ERROR 2020-10-09 09:17:53,322 log 228 Internal Server Error: /cart/option/
Traceback (most recent call last):
  File "D:\evn\env2004\lib\site-packages\django\core\handlers\exception.py", line 34, in inner
    response = get_response(request)
  File "D:\evn\env2004\lib\site-packages\django\core\handlers\base.py", line 115, in _get_response
    response = self.process_exception_by_middleware(e, request)
  File "D:\evn\env2004\lib\site-packages\django\core\handlers\base.py", line 113, in _get_response
    response = wrapped_callback(request, *callback_args, **callback_kwargs)
  File "D:\evn\env2004\lib\site-packages\django\views\decorators\csrf.py", line 54, in wrapped_view
    return view_func(*args, **kwargs)
  File "D:\evn\env2004\lib\site-packages\rest_framework\viewsets.py", line 103, in view
    handler = getattr(self, action)
AttributeError: 'CartViewSet' object has no attribute 'change_select'
ERROR 2020-10-09 09:17:53,323 basehttp 154 "DELETE /cart/option/ HTTP/1.1" 500 76907
ERROR 2020-10-09 09:17:58,065 log 228 Internal Server Error: /cart/option/
Traceback (most recent call last):
  File "D:\evn\env2004\lib\site-packages\django\core\handlers\exception.py", line 34, in inner
    response = get_response(request)
  File "D:\evn\env2004\lib\site-packages\django\core\handlers\base.py", line 115, in _get_response
    response = self.process_exception_by_middleware(e, request)
  File "D:\evn\env2004\lib\site-packages\django\core\handlers\base.py", line 113, in _get_response
    response = wrapped_callback(request, *callback_args, **callback_kwargs)
  File "D:\evn\env2004\lib\site-packages\django\views\decorators\csrf.py", line 54, in wrapped_view
    return view_func(*args, **kwargs)
  File "D:\evn\env2004\lib\site-packages\rest_framework\viewsets.py", line 103, in view
    handler = getattr(self, action)
AttributeError: 'CartViewSet' object has no attribute 'change_select'
ERROR 2020-10-09 09:17:58,065 basehttp 154 "DELETE /cart/option/ HTTP/1.1" 500 76907
ERROR 2020-10-09 09:17:58,259 log 228 Internal Server Error: /cart/option/
Traceback (most recent call last):
  File "D:\evn\env2004\lib\site-packages\django\core\handlers\exception.py", line 34, in inner
    response = get_response(request)
  File "D:\evn\env2004\lib\site-packages\django\core\handlers\base.py", line 115, in _get_response
    response = self.process_exception_by_middleware(e, request)
  File "D:\evn\env2004\lib\site-packages\django\core\handlers\base.py", line 113, in _get_response
    response = wrapped_callback(request, *callback_args, **callback_kwargs)
  File "D:\evn\env2004\lib\site-packages\django\views\decorators\csrf.py", line 54, in wrapped_view
    return view_func(*args, **kwargs)
  File "D:\evn\env2004\lib\site-packages\rest_framework\viewsets.py", line 103, in view
    handler = getattr(self, action)
AttributeError: 'CartViewSet' object has no attribute 'change_select'
ERROR 2020-10-09 09:17:58,260 basehttp 154 "DELETE /cart/option/ HTTP/1.1" 500 76907
ERROR 2020-10-09 09:17:58,406 log 228 Internal Server Error: /cart/option/
Traceback (most recent call last):
  File "D:\evn\env2004\lib\site-packages\django\core\handlers\exception.py", line 34, in inner
    response = get_response(request)
  File "D:\evn\env2004\lib\site-packages\django\core\handlers\base.py", line 115, in _get_response
    response = self.process_exception_by_middleware(e, request)
  File "D:\evn\env2004\lib\site-packages\django\core\handlers\base.py", line 113, in _get_response
    response = wrapped_callback(request, *callback_args, **callback_kwargs)
  File "D:\evn\env2004\lib\site-packages\django\views\decorators\csrf.py", line 54, in wrapped_view
    return view_func(*args, **kwargs)
  File "D:\evn\env2004\lib\site-packages\rest_framework\viewsets.py", line 103, in view
    handler = getattr(self, action)
AttributeError: 'CartViewSet' object has no attribute 'change_select'
ERROR 2020-10-09 09:17:58,408 basehttp 154 "DELETE /cart/option/ HTTP/1.1" 500 76907
WARNING 2020-10-09 09:18:24,528 log 228 Not Found: /media/course/2.jpeg
WARNING 2020-10-09 09:18:24,529 basehttp 154 "GET /media/course/2.jpeg HTTP/1.1" 404 1816
ERROR 2020-10-09 09:18:36,022 log 228 Internal Server Error: /cart/option/
Traceback (most recent call last):
  File "D:\evn\env2004\lib\site-packages\django\core\handlers\exception.py", line 34, in inner
    response = get_response(request)
  File "D:\evn\env2004\lib\site-packages\django\core\handlers\base.py", line 115, in _get_response
    response = self.process_exception_by_middleware(e, request)
  File "D:\evn\env2004\lib\site-packages\django\core\handlers\base.py", line 113, in _get_response
    response = wrapped_callback(request, *callback_args, **callback_kwargs)
  File "D:\evn\env2004\lib\site-packages\django\views\decorators\csrf.py", line 54, in wrapped_view
    return view_func(*args, **kwargs)
  File "D:\evn\env2004\lib\site-packages\rest_framework\viewsets.py", line 103, in view
    handler = getattr(self, action)
AttributeError: 'CartViewSet' object has no attribute 'change_select'
ERROR 2020-10-09 09:18:36,024 basehttp 154 "DELETE /cart/option/ HTTP/1.1" 500 76907
ERROR 2020-10-09 09:20:33,616 exceptions 20 <cart.views.CartViewSet object at 0x00000205FEBB0F60> DELETE Invalid input of type: 'NoneType'. Convert to a byte, string or number first.
ERROR 2020-10-09 09:20:33,624 log 228 Internal Server Error: /cart/option/
ERROR 2020-10-09 09:20:33,625 basehttp 154 "DELETE /cart/option/ HTTP/1.1" 500 87
WARNING 2020-10-09 09:25:40,234 log 228 Not Found: /media/course/2.jpeg
WARNING 2020-10-09 09:25:40,235 basehttp 154 "GET /media/course/2.jpeg HTTP/1.1" 404 1816
WARNING 2020-10-09 09:25:50,914 log 228 Unauthorized: /cart/option/
WARNING 2020-10-09 09:25:50,914 basehttp 154 "GET /cart/option/ HTTP/1.1" 401 35
WARNING 2020-10-09 09:26:31,037 log 228 Not Found: /media/course/2.jpeg
WARNING 2020-10-09 09:26:31,038 basehttp 154 "GET /media/course/2.jpeg HTTP/1.1" 404 1816
ERROR 2020-10-09 09:26:49,867 exceptions 20 <cart.views.CartViewSet object at 0x0000023404948CC0> DELETE Invalid input of type: 'NoneType'. Convert to a byte, string or number first.
ERROR 2020-10-09 09:26:49,869 log 228 Internal Server Error: /cart/option/
ERROR 2020-10-09 09:26:49,870 basehttp 154 "DELETE /cart/option/?course_id=29 HTTP/1.1" 500 87
ERROR 2020-10-09 09:27:30,145 exceptions 20 <cart.views.CartViewSet object at 0x000001F5DC426AC8> DELETE Invalid input of type: 'NoneType'. Convert to a byte, string or number first.
ERROR 2020-10-09 09:27:30,145 log 228 Internal Server Error: /cart/option/
ERROR 2020-10-09 09:27:30,145 basehttp 154 "DELETE /cart/option/?course_id=29 HTTP/1.1" 500 87
WARNING 2020-10-09 09:46:03,005 log 228 Not Found: /media/course/2.jpeg
WARNING 2020-10-09 09:46:03,007 basehttp 154 "GET /media/course/2.jpeg HTTP/1.1" 404 1816
WARNING 2020-10-09 09:46:09,551 log 228 Not Found: /media/course/2.jpeg
WARNING 2020-10-09 09:46:09,552 basehttp 154 "GET /media/course/2.jpeg HTTP/1.1" 404 1816
WARNING 2020-10-09 09:49:24,115 log 228 Not Found: /media/course/2.jpeg
WARNING 2020-10-09 09:49:24,117 basehttp 154 "GET /media/course/2.jpeg HTTP/1.1" 404 1816
WARNING 2020-10-09 10:00:34,510 log 228 Not Found: /media/course/2.jpeg
WARNING 2020-10-09 10:00:34,511 basehttp 154 "GET /media/course/2.jpeg HTTP/1.1" 404 1816
WARNING 2020-10-09 10:02:13,705 log 228 Not Found: /media/course/2.jpeg
WARNING 2020-10-09 10:02:13,706 basehttp 154 "GET /media/course/2.jpeg HTTP/1.1" 404 1816
WARNING 2020-10-09 10:05:15,348 log 228 Not Found: /course/detail/
WARNING 2020-10-09 10:05:15,348 basehttp 154 "GET /course/detail/?course=29 HTTP/1.1" 404 3554
ERROR 2020-10-09 12:10:54,707 exceptions 20 <cart.views.CartViewSet object at 0x000001B681A9C470> DELETE Invalid input of type: 'NoneType'. Convert to a byte, string or number first.
ERROR 2020-10-09 12:10:54,709 log 228 Internal Server Error: /cart/option/
ERROR 2020-10-09 12:10:54,710 basehttp 154 "DELETE /cart/option/?course_id=undefined HTTP/1.1" 500 87
WARNING 2020-10-09 16:02:28,998 log 228 Unauthorized: /cart/option/
WARNING 2020-10-09 16:02:28,999 basehttp 154 "GET /cart/option/ HTTP/1.1" 401 35
WARNING 2020-10-09 16:02:49,790 log 228 Unauthorized: /cart/option/
WARNING 2020-10-09 16:02:49,791 basehttp 154 "GET /cart/option/ HTTP/1.1" 401 35
ERROR 2020-10-09 16:09:07,039 exceptions 20 <cart.views.CartViewSet object at 0x00000205F1237D30> GET 'Course' object has no attribute 'real_price'
ERROR 2020-10-09 16:09:07,042 log 228 Internal Server Error: /cart/option/
ERROR 2020-10-09 16:09:07,043 basehttp 154 "GET /cart/option/ HTTP/1.1" 500 87
ERROR 2020-10-09 16:10:05,219 exceptions 20 <cart.views.CartViewSet object at 0x0000018BC7DE07B8> GET 'Course' object has no attribute 'real_price'
ERROR 2020-10-09 16:10:05,222 log 228 Internal Server Error: /cart/option/
ERROR 2020-10-09 16:10:05,222 basehttp 154 "GET /cart/option/ HTTP/1.1" 500 87
WARNING 2020-10-09 16:18:35,315 log 228 Not Found: /media/course/9000eeed-b0af-4df4-b6fb-c2becfcc5b18.jpg
WARNING 2020-10-09 16:18:35,317 log 228 Not Found: /media/course/2.jpeg
WARNING 2020-10-09 16:18:35,317 basehttp 154 "GET /media/course/9000eeed-b0af-4df4-b6fb-c2becfcc5b18.jpg HTTP/1.1" 404 1918
WARNING 2020-10-09 16:18:35,318 basehttp 154 "GET /media/course/2.jpeg HTTP/1.1" 404 1816
WARNING 2020-10-09 16:18:40,425 log 228 Not Found: /media/course/788dbf38-076d-4d1e-b7cc-4b69a5abbf35.png
WARNING 2020-10-09 16:18:40,426 log 228 Not Found: /media/course/307a9365-a113-4df8-916a-7396aa898b65.jpg
WARNING 2020-10-09 16:18:40,428 basehttp 154 "GET /media/course/788dbf38-076d-4d1e-b7cc-4b69a5abbf35.png HTTP/1.1" 404 1918
WARNING 2020-10-09 16:18:40,428 basehttp 154 "GET /media/course/307a9365-a113-4df8-916a-7396aa898b65.jpg HTTP/1.1" 404 1918
WARNING 2020-10-09 16:19:01,944 log 228 Not Found: /media/course/307a9365-a113-4df8-916a-7396aa898b65.jpg
WARNING 2020-10-09 16:19:01,945 log 228 Not Found: /media/course/788dbf38-076d-4d1e-b7cc-4b69a5abbf35.png
WARNING 2020-10-09 16:19:01,946 basehttp 154 "GET /media/course/307a9365-a113-4df8-916a-7396aa898b65.jpg HTTP/1.1" 404 1918
WARNING 2020-10-09 16:19:01,947 basehttp 154 "GET /media/course/788dbf38-076d-4d1e-b7cc-4b69a5abbf35.png HTTP/1.1" 404 1918
WARNING 2020-10-09 16:19:11,265 log 228 Not Found: /course/detail/
WARNING 2020-10-09 16:19:11,266 basehttp 154 "GET /course/detail/?course=23 HTTP/1.1" 404 3554
ERROR 2020-10-09 16:19:37,212 exceptions 20 <cart.views.CartViewSet object at 0x000002062E09BA90> GET 'Course' object has no attribute 'real_price'
ERROR 2020-10-09 16:19:37,214 log 228 Internal Server Error: /cart/option/
ERROR 2020-10-09 16:19:37,215 basehttp 154 "GET /cart/option/ HTTP/1.1" 500 87
ERROR 2020-10-09 16:21:07,743 exceptions 20 <cart.views.CartViewSet object at 0x000002062DF0B828> GET 'Course' object has no attribute 'real_price'
ERROR 2020-10-09 16:21:07,747 log 228 Internal Server Error: /cart/option/
ERROR 2020-10-09 16:21:07,748 basehttp 154 "GET /cart/option/ HTTP/1.1" 500 87
ERROR 2020-10-09 16:22:34,724 exceptions 20 <cart.views.CartViewSet object at 0x000001C36393A048> GET 'Course' object has no attribute 'real_price'
ERROR 2020-10-09 16:22:34,727 log 228 Internal Server Error: /cart/option/
ERROR 2020-10-09 16:22:34,728 basehttp 154 "GET /cart/option/ HTTP/1.1" 500 87
WARNING 2020-10-09 17:08:19,469 log 228 Unauthorized: /cart/option/
WARNING 2020-10-09 17:08:19,470 basehttp 154 "GET /cart/option/ HTTP/1.1" 401 35
WARNING 2020-10-09 17:09:04,949 log 228 Bad Request: /cart/option/
WARNING 2020-10-09 17:09:04,950 basehttp 154 "DELETE /cart/option/ HTTP/1.1" 400 50
WARNING 2020-10-09 17:14:37,933 log 228 Bad Request: /cart/option/
WARNING 2020-10-09 17:14:37,934 basehttp 154 "DELETE /cart/option/ HTTP/1.1" 400 50
WARNING 2020-10-09 17:21:35,240 log 228 Bad Request: /cart/option/
WARNING 2020-10-09 17:21:35,241 basehttp 154 "DELETE /cart/option/ HTTP/1.1" 400 50
WARNING 2020-10-09 17:23:39,684 log 228 Bad Request: /cart/option/
WARNING 2020-10-09 17:23:39,685 basehttp 154 "DELETE /cart/option/ HTTP/1.1" 400 50
WARNING 2020-10-09 17:24:16,197 log 228 Bad Request: /cart/option/
WARNING 2020-10-09 17:24:16,198 basehttp 154 "DELETE /cart/option/ HTTP/1.1" 400 50
WARNING 2020-10-09 17:28:48,684 log 228 Not Found: /course/detail/
WARNING 2020-10-09 17:28:48,685 basehttp 154 "GET /course/detail/?course=29 HTTP/1.1" 404 3554
WARNING 2020-10-09 17:29:19,354 log 228 Not Found: /course/detail/
WARNING 2020-10-09 17:29:19,355 basehttp 154 "GET /course/detail/?course=28 HTTP/1.1" 404 3554
WARNING 2020-10-09 17:29:23,129 log 228 Bad Request: /cart/option/
WARNING 2020-10-09 17:29:23,130 basehttp 154 "POST /cart/option/ HTTP/1.1" 400 44
WARNING 2020-10-09 19:31:15,811 log 228 Not Found: /course/detail/
WARNING 2020-10-09 19:31:15,813 basehttp 154 "GET /course/detail/?course=29 HTTP/1.1" 404 3554
WARNING 2020-10-09 19:33:57,992 log 228 Not Found: /course/detail/
WARNING 2020-10-09 19:33:57,993 basehttp 154 "GET /course/detail/?course=29 HTTP/1.1" 404 3554
ERROR 2020-10-09 20:15:36,439 log 228 Internal Server Error: /admin/course/coursediscounttype/
Traceback (most recent call last):
  File "D:\evn\env2004\lib\site-packages\django\db\backends\utils.py", line 84, in _execute
    return self.cursor.execute(sql, params)
  File "D:\evn\env2004\lib\site-packages\django\db\backends\mysql\base.py", line 71, in execute
    return self.cursor.execute(query, args)
  File "D:\evn\env2004\lib\site-packages\MySQLdb\cursors.py", line 206, in execute
    res = self._query(query)
  File "D:\evn\env2004\lib\site-packages\MySQLdb\cursors.py", line 319, in _query
    db.query(q)
  File "D:\evn\env2004\lib\site-packages\MySQLdb\connections.py", line 259, in query
    _mysql.connection.query(self, query)
MySQLdb._exceptions.ProgrammingError: (1146, "Table 'py2004.bz_course_discount_type' doesn't exist")

The above exception was the direct cause of the following exception:

Traceback (most recent call last):
  File "D:\evn\env2004\lib\site-packages\django\core\handlers\exception.py", line 34, in inner
    response = get_response(request)
  File "D:\evn\env2004\lib\site-packages\django\core\handlers\base.py", line 115, in _get_response
    response = self.process_exception_by_middleware(e, request)
  File "D:\evn\env2004\lib\site-packages\django\core\handlers\base.py", line 113, in _get_response
    response = wrapped_callback(request, *callback_args, **callback_kwargs)
  File "D:\evn\env2004\lib\site-packages\xadmin\sites.py", line 300, in wrapper
    return self.admin_view(view, cacheable)(*args, **kwargs)
  File "D:\evn\env2004\lib\site-packages\django\views\decorators\cache.py", line 44, in _wrapped_view_func
    response = view_func(request, *args, **kwargs)
  File "D:\evn\env2004\lib\site-packages\xadmin\sites.py", line 208, in inner
    return view(request, *args, **kwargs)
  File "D:\evn\env2004\lib\site-packages\xadmin\views\base.py", line 282, in view
    return handler(request, *args, **kwargs)
  File "D:\evn\env2004\lib\site-packages\django\utils\decorators.py", line 45, in _wrapper
    return bound_method(*args, **kwargs)
  File "D:\evn\env2004\lib\site-packages\django\utils\decorators.py", line 142, in _wrapped_view
    response = view_func(request, *args, **kwargs)
  File "D:\evn\env2004\lib\site-packages\xadmin\views\base.py", line 80, in method
    return filter_chain(filters, len(filters) - 1, _inner_method, *args, **kwargs)
  File "D:\evn\env2004\lib\site-packages\xadmin\views\base.py", line 49, in filter_chain
    return func()
  File "D:\evn\env2004\lib\site-packages\xadmin\views\base.py", line 74, in _inner_method
    return func(self, *args, **kwargs)
  File "D:\evn\env2004\lib\site-packages\xadmin\views\list.py", line 401, in get
    response = self.get_result_list()
  File "D:\evn\env2004\lib\site-packages\xadmin\views\base.py", line 80, in method
    return filter_chain(filters, len(filters) - 1, _inner_method, *args, **kwargs)
  File "D:\evn\env2004\lib\site-packages\xadmin\views\base.py", line 49, in filter_chain
    return func()
  File "D:\evn\env2004\lib\site-packages\xadmin\views\base.py", line 74, in _inner_method
    return func(self, *args, **kwargs)
  File "D:\evn\env2004\lib\site-packages\xadmin\views\list.py", line 200, in get_result_list
    return self.make_result_list()
  File "D:\evn\env2004\lib\site-packages\xadmin\views\list.py", line 177, in make_result_list
    self.result_count = self.paginator.count
  File "D:\evn\env2004\lib\site-packages\django\utils\functional.py", line 80, in __get__
    res = instance.__dict__[self.name] = self.func(instance)
  File "D:\evn\env2004\lib\site-packages\django\core\paginator.py", line 91, in count
    return c()
  File "D:\evn\env2004\lib\site-packages\django\db\models\query.py", line 392, in count
    return self.query.get_count(using=self.db)
  File "D:\evn\env2004\lib\site-packages\django\db\models\sql\query.py", line 504, in get_count
    number = obj.get_aggregation(using, ['__count'])['__count']
  File "D:\evn\env2004\lib\site-packages\django\db\models\sql\query.py", line 489, in get_aggregation
    result = compiler.execute_sql(SINGLE)
  File "D:\evn\env2004\lib\site-packages\django\db\models\sql\compiler.py", line 1100, in execute_sql
    cursor.execute(sql, params)
  File "D:\evn\env2004\lib\site-packages\django\db\backends\utils.py", line 99, in execute
    return super().execute(sql, params)
  File "D:\evn\env2004\lib\site-packages\django\db\backends\utils.py", line 67, in execute
    return self._execute_with_wrappers(sql, params, many=False, executor=self._execute)
  File "D:\evn\env2004\lib\site-packages\django\db\backends\utils.py", line 76, in _execute_with_wrappers
    return executor(sql, params, many, context)
  File "D:\evn\env2004\lib\site-packages\django\db\backends\utils.py", line 84, in _execute
    return self.cursor.execute(sql, params)
  File "D:\evn\env2004\lib\site-packages\django\db\utils.py", line 89, in __exit__
    raise dj_exc_value.with_traceback(traceback) from exc_value
  File "D:\evn\env2004\lib\site-packages\django\db\backends\utils.py", line 84, in _execute
    return self.cursor.execute(sql, params)
  File "D:\evn\env2004\lib\site-packages\django\db\backends\mysql\base.py", line 71, in execute
    return self.cursor.execute(query, args)
  File "D:\evn\env2004\lib\site-packages\MySQLdb\cursors.py", line 206, in execute
    res = self._query(query)
  File "D:\evn\env2004\lib\site-packages\MySQLdb\cursors.py", line 319, in _query
    db.query(q)
  File "D:\evn\env2004\lib\site-packages\MySQLdb\connections.py", line 259, in query
    _mysql.connection.query(self, query)
django.db.utils.ProgrammingError: (1146, "Table 'py2004.bz_course_discount_type' doesn't exist")
ERROR 2020-10-09 20:15:36,446 basehttp 154 "GET /admin/course/coursediscounttype/ HTTP/1.1" 500 226111
ERROR 2020-10-09 20:16:14,753 log 228 Internal Server Error: /admin/course/activity/
Traceback (most recent call last):
  File "D:\evn\env2004\lib\site-packages\django\db\backends\utils.py", line 84, in _execute
    return self.cursor.execute(sql, params)
  File "D:\evn\env2004\lib\site-packages\django\db\backends\mysql\base.py", line 71, in execute
    return self.cursor.execute(query, args)
  File "D:\evn\env2004\lib\site-packages\MySQLdb\cursors.py", line 206, in execute
    res = self._query(query)
  File "D:\evn\env2004\lib\site-packages\MySQLdb\cursors.py", line 319, in _query
    db.query(q)
  File "D:\evn\env2004\lib\site-packages\MySQLdb\connections.py", line 259, in query
    _mysql.connection.query(self, query)
MySQLdb._exceptions.ProgrammingError: (1146, "Table 'py2004.bz_activity' doesn't exist")

The above exception was the direct cause of the following exception:

Traceback (most recent call last):
  File "D:\evn\env2004\lib\site-packages\django\core\handlers\exception.py", line 34, in inner
    response = get_response(request)
  File "D:\evn\env2004\lib\site-packages\django\core\handlers\base.py", line 115, in _get_response
    response = self.process_exception_by_middleware(e, request)
  File "D:\evn\env2004\lib\site-packages\django\core\handlers\base.py", line 113, in _get_response
    response = wrapped_callback(request, *callback_args, **callback_kwargs)
  File "D:\evn\env2004\lib\site-packages\xadmin\sites.py", line 300, in wrapper
    return self.admin_view(view, cacheable)(*args, **kwargs)
  File "D:\evn\env2004\lib\site-packages\django\views\decorators\cache.py", line 44, in _wrapped_view_func
    response = view_func(request, *args, **kwargs)
  File "D:\evn\env2004\lib\site-packages\xadmin\sites.py", line 208, in inner
    return view(request, *args, **kwargs)
  File "D:\evn\env2004\lib\site-packages\xadmin\views\base.py", line 282, in view
    return handler(request, *args, **kwargs)
  File "D:\evn\env2004\lib\site-packages\django\utils\decorators.py", line 45, in _wrapper
    return bound_method(*args, **kwargs)
  File "D:\evn\env2004\lib\site-packages\django\utils\decorators.py", line 142, in _wrapped_view
    response = view_func(request, *args, **kwargs)
  File "D:\evn\env2004\lib\site-packages\xadmin\views\base.py", line 80, in method
    return filter_chain(filters, len(filters) - 1, _inner_method, *args, **kwargs)
  File "D:\evn\env2004\lib\site-packages\xadmin\views\base.py", line 49, in filter_chain
    return func()
  File "D:\evn\env2004\lib\site-packages\xadmin\views\base.py", line 74, in _inner_method
    return func(self, *args, **kwargs)
  File "D:\evn\env2004\lib\site-packages\xadmin\views\list.py", line 401, in get
    response = self.get_result_list()
  File "D:\evn\env2004\lib\site-packages\xadmin\views\base.py", line 80, in method
    return filter_chain(filters, len(filters) - 1, _inner_method, *args, **kwargs)
  File "D:\evn\env2004\lib\site-packages\xadmin\views\base.py", line 49, in filter_chain
    return func()
  File "D:\evn\env2004\lib\site-packages\xadmin\views\base.py", line 74, in _inner_method
    return func(self, *args, **kwargs)
  File "D:\evn\env2004\lib\site-packages\xadmin\views\list.py", line 200, in get_result_list
    return self.make_result_list()
  File "D:\evn\env2004\lib\site-packages\xadmin\views\list.py", line 177, in make_result_list
    self.result_count = self.paginator.count
  File "D:\evn\env2004\lib\site-packages\django\utils\functional.py", line 80, in __get__
    res = instance.__dict__[self.name] = self.func(instance)
  File "D:\evn\env2004\lib\site-packages\django\core\paginator.py", line 91, in count
    return c()
  File "D:\evn\env2004\lib\site-packages\django\db\models\query.py", line 392, in count
    return self.query.get_count(using=self.db)
  File "D:\evn\env2004\lib\site-packages\django\db\models\sql\query.py", line 504, in get_count
    number = obj.get_aggregation(using, ['__count'])['__count']
  File "D:\evn\env2004\lib\site-packages\django\db\models\sql\query.py", line 489, in get_aggregation
    result = compiler.execute_sql(SINGLE)
  File "D:\evn\env2004\lib\site-packages\django\db\models\sql\compiler.py", line 1100, in execute_sql
    cursor.execute(sql, params)
  File "D:\evn\env2004\lib\site-packages\django\db\backends\utils.py", line 99, in execute
    return super().execute(sql, params)
  File "D:\evn\env2004\lib\site-packages\django\db\backends\utils.py", line 67, in execute
    return self._execute_with_wrappers(sql, params, many=False, executor=self._execute)
  File "D:\evn\env2004\lib\site-packages\django\db\backends\utils.py", line 76, in _execute_with_wrappers
    return executor(sql, params, many, context)
  File "D:\evn\env2004\lib\site-packages\django\db\backends\utils.py", line 84, in _execute
    return self.cursor.execute(sql, params)
  File "D:\evn\env2004\lib\site-packages\django\db\utils.py", line 89, in __exit__
    raise dj_exc_value.with_traceback(traceback) from exc_value
  File "D:\evn\env2004\lib\site-packages\django\db\backends\utils.py", line 84, in _execute
    return self.cursor.execute(sql, params)
  File "D:\evn\env2004\lib\site-packages\django\db\backends\mysql\base.py", line 71, in execute
    return self.cursor.execute(query, args)
  File "D:\evn\env2004\lib\site-packages\MySQLdb\cursors.py", line 206, in execute
    res = self._query(query)
  File "D:\evn\env2004\lib\site-packages\MySQLdb\cursors.py", line 319, in _query
    db.query(q)
  File "D:\evn\env2004\lib\site-packages\MySQLdb\connections.py", line 259, in query
    _mysql.connection.query(self, query)
django.db.utils.ProgrammingError: (1146, "Table 'py2004.bz_activity' doesn't exist")
ERROR 2020-10-09 20:16:14,760 basehttp 154 "GET /admin/course/activity/ HTTP/1.1" 500 225386
ERROR 2020-10-09 21:05:37,287 basehttp 124 "GET /admin/course/coursediscount/ HTTP/1.1" 500 59
ERROR 2020-10-09 21:05:38,086 basehttp 124 "GET /admin/course/coursediscount/ HTTP/1.1" 500 59
ERROR 2020-10-09 21:05:38,795 basehttp 124 "GET /admin/course/coursediscount/ HTTP/1.1" 500 59
ERROR 2020-10-09 21:34:54,045 basehttp 124 "GET /admin/course/coursediscount/ HTTP/1.1" 500 59
WARNING 2020-10-10 08:43:46,039 base 93 Not Found: /
WARNING 2020-10-10 08:43:46,089 basehttp 124 "GET / HTTP/1.1" 404 2577
WARNING 2020-10-10 08:43:46,735 base 93 Not Found: /favicon.ico
WARNING 2020-10-10 08:43:46,736 basehttp 124 "GET /favicon.ico HTTP/1.1" 404 2628
WARNING 2020-10-10 09:05:06,747 basehttp 124 "GET /cart/option/ HTTP/1.1" 401 35
WARNING 2020-10-10 09:06:12,740 base 93 Not Found: /media/course/2.jpeg
WARNING 2020-10-10 09:06:12,746 base 93 Not Found: /media/course/9000eeed-b0af-4df4-b6fb-c2becfcc5b18.jpg
WARNING 2020-10-10 09:06:12,747 basehttp 124 "GET /media/course/2.jpeg HTTP/1.1" 404 1816
WARNING 2020-10-10 09:06:12,748 basehttp 124 "GET /media/course/9000eeed-b0af-4df4-b6fb-c2becfcc5b18.jpg HTTP/1.1" 404 1918
WARNING 2020-10-10 09:06:27,311 base 93 Not Found: /media/course/307a9365-a113-4df8-916a-7396aa898b65.jpg
WARNING 2020-10-10 09:06:27,315 base 93 Not Found: /media/course/788dbf38-076d-4d1e-b7cc-4b69a5abbf35.png
WARNING 2020-10-10 09:06:27,316 basehttp 124 "GET /media/course/307a9365-a113-4df8-916a-7396aa898b65.jpg HTTP/1.1" 404 1918
WARNING 2020-10-10 09:06:27,316 basehttp 124 "GET /media/course/788dbf38-076d-4d1e-b7cc-4b69a5abbf35.png HTTP/1.1" 404 1918
WARNING 2020-10-10 09:11:33,986 base 93 Not Found: /media/course/course-cover.jpeg
WARNING 2020-10-10 09:11:33,988 basehttp 124 "GET /media/course/course-cover.jpeg HTTP/1.1" 404 1849
WARNING 2020-10-10 09:13:34,113 base 93 Not Found: /media/course/2.jpeg
WARNING 2020-10-10 09:13:34,116 base 93 Not Found: /media/course/9000eeed-b0af-4df4-b6fb-c2becfcc5b18.jpg
WARNING 2020-10-10 09:13:34,117 basehttp 124 "GET /media/course/2.jpeg HTTP/1.1" 404 1816
WARNING 2020-10-10 09:13:34,117 basehttp 124 "GET /media/course/9000eeed-b0af-4df4-b6fb-c2becfcc5b18.jpg HTTP/1.1" 404 1918
WARNING 2020-10-10 09:13:48,703 base 93 Not Found: /media/course/307a9365-a113-4df8-916a-7396aa898b65.jpg
WARNING 2020-10-10 09:13:48,716 basehttp 124 "GET /media/course/307a9365-a113-4df8-916a-7396aa898b65.jpg HTTP/1.1" 404 1918
WARNING 2020-10-10 09:13:48,716 base 93 Not Found: /media/course/788dbf38-076d-4d1e-b7cc-4b69a5abbf35.png
WARNING 2020-10-10 09:13:48,717 basehttp 124 "GET /media/course/788dbf38-076d-4d1e-b7cc-4b69a5abbf35.png HTTP/1.1" 404 1918
WARNING 2020-10-10 09:14:01,049 base 93 Not Found: /media/course/a3dd8fd0-d395-4566-a573-a0e3f60d5f85.jpg
WARNING 2020-10-10 09:14:01,052 base 93 Not Found: /media/course/2.jpeg
WARNING 2020-10-10 09:14:01,052 basehttp 124 "GET /media/course/a3dd8fd0-d395-4566-a573-a0e3f60d5f85.jpg HTTP/1.1" 404 1918
WARNING 2020-10-10 09:14:01,053 basehttp 124 "GET /media/course/2.jpeg HTTP/1.1" 404 1816
WARNING 2020-10-10 09:14:05,368 base 93 Not Found: /media/course/2.jpeg
WARNING 2020-10-10 09:14:05,369 basehttp 124 "GET /media/course/2.jpeg HTTP/1.1" 404 1816
WARNING 2020-10-10 09:14:36,742 base 93 Not Found: /media/course/course-cover.jpeg
WARNING 2020-10-10 09:14:36,744 basehttp 124 "GET /media/course/course-cover.jpeg HTTP/1.1" 404 1849
WARNING 2020-10-10 09:22:27,528 base 93 Not Found: /media/course/9000eeed-b0af-4df4-b6fb-c2becfcc5b18.jpg
WARNING 2020-10-10 09:22:27,532 base 93 Not Found: /media/course/2.jpeg
WARNING 2020-10-10 09:22:27,533 basehttp 124 "GET /media/course/9000eeed-b0af-4df4-b6fb-c2becfcc5b18.jpg HTTP/1.1" 404 1918
WARNING 2020-10-10 09:22:27,534 basehttp 124 "GET /media/course/2.jpeg HTTP/1.1" 404 1816
WARNING 2020-10-10 09:23:55,243 base 93 Not Found: /media/course/course-cover.jpeg
WARNING 2020-10-10 09:23:55,244 basehttp 124 "GET /media/course/course-cover.jpeg HTTP/1.1" 404 1849
WARNING 2020-10-10 09:24:02,556 base 93 Not Found: /media/course/2.jpeg
WARNING 2020-10-10 09:24:02,558 basehttp 124 "GET /media/course/2.jpeg HTTP/1.1" 404 1816
WARNING 2020-10-10 09:27:33,199 base 93 Not Found: /media/course/2.jpeg
WARNING 2020-10-10 09:27:33,200 basehttp 124 "GET /media/course/2.jpeg HTTP/1.1" 404 1816
WARNING 2020-10-10 09:38:48,150 base 93 Not Found: /media/course/course-cover.jpeg
WARNING 2020-10-10 09:38:48,151 basehttp 124 "GET /media/course/course-cover.jpeg HTTP/1.1" 404 1849
WARNING 2020-10-10 09:42:27,317 base 93 Not Found: /media/course/course-cover.jpeg
WARNING 2020-10-10 09:42:27,318 basehttp 124 "GET /media/course/course-cover.jpeg HTTP/1.1" 404 1849
WARNING 2020-10-10 09:45:26,773 base 93 Not Found: /media/course/course-cover.jpeg
WARNING 2020-10-10 09:45:26,773 basehttp 124 "GET /media/course/course-cover.jpeg HTTP/1.1" 404 1849
WARNING 2020-10-10 09:46:24,012 base 93 Not Found: /media/course/course-cover.jpeg
WARNING 2020-10-10 09:46:24,013 basehttp 124 "GET /media/course/course-cover.jpeg HTTP/1.1" 404 1849
WARNING 2020-10-10 09:46:31,090 base 93 Not Found: /media/course/course-cover.jpeg
WARNING 2020-10-10 09:46:31,091 basehttp 124 "GET /media/course/course-cover.jpeg HTTP/1.1" 404 1849
WARNING 2020-10-10 09:46:43,396 base 93 Not Found: /media/course/course-cover.jpeg
WARNING 2020-10-10 09:46:43,397 basehttp 124 "GET /media/course/course-cover.jpeg HTTP/1.1" 404 1849
WARNING 2020-10-10 09:57:36,974 base 93 Not Found: /media/course/course-cover.jpeg
WARNING 2020-10-10 09:57:36,975 basehttp 124 "GET /media/course/course-cover.jpeg HTTP/1.1" 404 1849
WARNING 2020-10-10 09:57:46,187 base 93 Not Found: /media/course/course-cover.jpeg
WARNING 2020-10-10 09:57:46,191 basehttp 124 "GET /media/course/course-cover.jpeg HTTP/1.1" 404 1849
WARNING 2020-10-10 09:58:01,175 base 93 Not Found: /media/course/course-cover.jpeg
WARNING 2020-10-10 09:58:01,177 basehttp 124 "GET /media/course/course-cover.jpeg HTTP/1.1" 404 1849
WARNING 2020-10-10 09:58:23,325 base 93 Not Found: /media/course/2.jpeg
WARNING 2020-10-10 09:58:23,326 basehttp 124 "GET /media/course/2.jpeg HTTP/1.1" 404 1816
WARNING 2020-10-10 09:58:31,112 base 93 Not Found: /media/course/2.jpeg
WARNING 2020-10-10 09:58:31,114 basehttp 124 "GET /media/course/2.jpeg HTTP/1.1" 404 1816
WARNING 2020-10-10 10:30:06,676 base 93 Not Found: /media/course/2.jpeg
WARNING 2020-10-10 10:30:06,679 basehttp 124 "GET /media/course/2.jpeg HTTP/1.1" 404 1816
WARNING 2020-10-10 10:30:21,707 basehttp 124 "POST /cart/option/ HTTP/1.1" 400 44
ERROR 2020-10-10 10:31:34,931 exceptions 20 <cart.views.CartViewSet object at 0x00000201EF770C88> GET 'Course' object has no attribute 'expire_list'
ERROR 2020-10-10 10:31:34,931 basehttp 124 "GET /cart/option/ HTTP/1.1" 500 87
ERROR 2020-10-10 12:50:25,063 basehttp 124 "PUT /cart/option/ HTTP/1.1" 500 59
WARNING 2020-10-10 20:07:15,229 basehttp 124 "POST /user/sms/ HTTP/1.1" 405 32
WARNING 2020-10-10 20:07:20,179 basehttp 124 "POST /user/sms/ HTTP/1.1" 405 32
WARNING 2020-10-10 20:17:23,050 basehttp 124 "PUT /cart/option/ HTTP/1.1" 401 38
WARNING 2020-10-10 20:18:02,291 basehttp 124 "PUT /cart/option/ HTTP/1.1" 401 38
WARNING 2020-10-10 20:20:06,273 basehttp 124 "POST /cart/option/ HTTP/1.1" 400 44
WARNING 2020-10-10 20:30:52,888 basehttp 124 "PUT /cart/option/ HTTP/1.1" 401 38
WARNING 2020-10-10 20:35:30,427 basehttp 124 "PUT /cart/option/ HTTP/1.1" 401 38
WARNING 2020-10-10 20:36:41,552 basehttp 124 "PUT /cart/option/ HTTP/1.1" 401 38
WARNING 2020-10-10 20:37:01,453 basehttp 124 "PUT /cart/option/ HTTP/1.1" 401 38
WARNING 2020-10-10 20:38:15,685 basehttp 124 "POST /cart/option/ HTTP/1.1" 400 44
WARNING 2020-10-10 20:46:52,124 basehttp 124 "PUT /cart/option/ HTTP/1.1" 401 38
WARNING 2020-10-10 20:47:16,635 base 93 Not Found: /media/course/course-cover.jpeg
WARNING 2020-10-10 20:47:16,637 basehttp 124 "GET /media/course/course-cover.jpeg HTTP/1.1" 404 1849
WARNING 2020-10-10 20:48:06,695 basehttp 124 "PUT /cart/option/ HTTP/1.1" 401 38
WARNING 2020-10-10 20:49:18,082 basehttp 124 "PUT /cart/option/ HTTP/1.1" 401 38
ERROR 2020-10-11 11:45:11,575 basehttp 124 "GET /home/header/ HTTP/1.1" 500 59
ERROR 2020-10-11 11:45:11,575 basehttp 124 "GET /home/footer/ HTTP/1.1" 500 59
ERROR 2020-10-11 11:45:11,576 basehttp 124 "GET /home/banners/ HTTP/1.1" 500 59
WARNING 2020-10-11 12:36:11,541 base 93 Not Found: /favicon.ico
WARNING 2020-10-11 12:36:11,541 basehttp 124 "GET /favicon.ico HTTP/1.1" 404 2628
ERROR 2020-10-11 18:25:24,369 exceptions 20 <order.views.OrderAPIView object at 0x000002EEC6266710> POST Invalid format string
ERROR 2020-10-11 18:25:24,370 basehttp 124 "POST /order/order/ HTTP/1.1" 500 87
ERROR 2020-10-11 18:30:44,098 exceptions 20 <order.views.OrderAPIView object at 0x00000280B7DED908> POST Invalid format string
ERROR 2020-10-11 18:30:44,100 basehttp 124 "POST /order/order/ HTTP/1.1" 500 87
WARNING 2020-10-11 18:49:35,687 basehttp 124 "GET /order/order/ HTTP/1.1" 405 7413
WARNING 2020-10-11 18:58:20,082 basehttp 124 "POST /cart/option/ HTTP/1.1" 400 44
WARNING 2020-10-11 19:05:52,145 basehttp 124 "GET /cart/option/ HTTP/1.1" 401 38
WARNING 2020-10-11 19:06:43,208 basehttp 124 "GET /cart/option/ HTTP/1.1" 401 38
WARNING 2020-10-11 19:06:52,803 basehttp 124 "GET /cart/option/ HTTP/1.1" 401 38
WARNING 2020-10-11 19:07:10,114 basehttp 124 "GET /cart/option/ HTTP/1.1" 401 38
WARNING 2020-10-11 19:07:18,970 basehttp 124 "GET /cart/option/ HTTP/1.1" 401 38
ERROR 2020-10-11 19:07:54,857 basehttp 124 "GET /home/header/ HTTP/1.1" 500 59
ERROR 2020-10-11 19:07:54,857 basehttp 124 "GET /cart/option/ HTTP/1.1" 500 59
ERROR 2020-10-11 20:13:29,250 basehttp 124 "GET /admin/course/coursecategory/ HTTP/1.1" 500 59
WARNING 2020-10-11 20:15:02,978 base 93 Not Found: /media/course/9000eeed-b0af-4df4-b6fb-c2becfcc5b18.jpg
WARNING 2020-10-11 20:15:02,981 basehttp 124 "GET /media/course/9000eeed-b0af-4df4-b6fb-c2becfcc5b18.jpg HTTP/1.1" 404 1918
WARNING 2020-10-11 20:15:02,980 base 93 Not Found: /media/course/2.jpeg
WARNING 2020-10-11 20:15:02,983 basehttp 124 "GET /media/course/2.jpeg HTTP/1.1" 404 1816
WARNING 2020-10-11 20:15:09,605 base 93 Not Found: /media/course/307a9365-a113-4df8-916a-7396aa898b65.jpg
WARNING 2020-10-11 20:15:09,608 base 93 Not Found: /media/course/788dbf38-076d-4d1e-b7cc-4b69a5abbf35.png
WARNING 2020-10-11 20:15:09,608 basehttp 124 "GET /media/course/307a9365-a113-4df8-916a-7396aa898b65.jpg HTTP/1.1" 404 1918
WARNING 2020-10-11 20:15:09,609 basehttp 124 "GET /media/course/788dbf38-076d-4d1e-b7cc-4b69a5abbf35.png HTTP/1.1" 404 1918
WARNING 2020-10-11 20:15:22,705 base 93 Not Found: /media/course/a3dd8fd0-d395-4566-a573-a0e3f60d5f85.jpg
WARNING 2020-10-11 20:15:22,707 basehttp 124 "GET /media/course/a3dd8fd0-d395-4566-a573-a0e3f60d5f85.jpg HTTP/1.1" 404 1918
WARNING 2020-10-11 20:15:22,751 base 93 Not Found: /media/course/2.jpeg
WARNING 2020-10-11 20:15:22,754 basehttp 124 "GET /media/course/2.jpeg HTTP/1.1" 404 1816
WARNING 2020-10-11 20:15:28,502 base 93 Not Found: /media/course/2.jpeg
WARNING 2020-10-11 20:15:28,503 basehttp 124 "GET /media/course/2.jpeg HTTP/1.1" 404 1816
WARNING 2020-10-11 20:15:38,888 base 93 Not Found: /media/course/course-cover.jpeg
WARNING 2020-10-11 20:15:38,889 basehttp 124 "GET /media/course/course-cover.jpeg HTTP/1.1" 404 1849
ERROR 2020-10-11 20:56:56,944 basehttp 124 "GET /course/detail/1/ HTTP/1.1" 500 59
ERROR 2020-10-11 20:56:56,946 basehttp 124 "GET /course/chapter/?course=1 HTTP/1.1" 500 59
ERROR 2020-10-11 21:49:37,674 basehttp 124 "GET /course/detail/1/ HTTP/1.1" 500 59
ERROR 2020-10-11 21:49:37,682 basehttp 124 "GET /course/chapter/?course=1 HTTP/1.1" 500 59
ERROR 2020-10-11 21:49:37,682 basehttp 124 "GET /home/header/ HTTP/1.1" 500 59
ERROR 2020-10-11 21:49:37,686 basehttp 124 "GET /home/footer/ HTTP/1.1" 500 59
ERROR 2020-10-11 21:49:37,700 basehttp 124 "GET /cart/option/ HTTP/1.1" 500 59
WARNING 2020-10-11 21:50:56,880 basehttp 124 "GET /cart/option/ HTTP/1.1" 401 38
ERROR 2020-10-11 21:59:41,690 exceptions 20 <course.views.CourseFilterAPIView object at 0x000001FB5C471DA0> GET Field name `active_time` is not valid for model `Course`.
ERROR 2020-10-11 21:59:41,691 basehttp 124 "GET /course/filter_course/?page=1&size=2&ordering=-id HTTP/1.1" 500 87
ERROR 2020-10-11 22:01:02,467 exceptions 20 <course.views.CourseFilterAPIView object at 0x000001FB5C4BD2E8> GET Field name `active_time` is not valid for model `Course`.
ERROR 2020-10-11 22:01:02,469 basehttp 124 "GET /course/filter_course/?page=1&size=2&ordering=-id HTTP/1.1" 500 87
ERROR 2020-10-11 22:24:39,699 basehttp 124 "GET /home/footer/ HTTP/1.1" 500 59
ERROR 2020-10-11 22:24:39,699 basehttp 124 "GET /course/chapter/?course=29 HTTP/1.1" 500 59
ERROR 2020-10-11 22:24:39,702 basehttp 124 "GET /home/header/ HTTP/1.1" 500 59
ERROR 2020-10-11 22:24:39,702 basehttp 124 "GET /course/detail/29/ HTTP/1.1" 500 59
ERROR 2020-10-11 22:24:39,740 basehttp 124 "GET /cart/option/ HTTP/1.1" 500 59
ERROR 2020-10-11 22:28:52,191 basehttp 124 "GET /course/chapter/?course=29 HTTP/1.1" 500 59
ERROR 2020-10-11 22:28:52,213 basehttp 124 "GET /home/footer/ HTTP/1.1" 500 59
ERROR 2020-10-11 22:28:52,213 basehttp 124 "GET /home/header/ HTTP/1.1" 500 59
ERROR 2020-10-11 22:28:52,217 basehttp 124 "GET /course/detail/29/ HTTP/1.1" 500 59
ERROR 2020-10-11 22:28:52,230 basehttp 124 "GET /cart/option/ HTTP/1.1" 500 59
ERROR 2020-10-11 22:54:17,306 basehttp 124 "GET /course/detail/29/ HTTP/1.1" 500 59
ERROR 2020-10-11 22:54:17,324 basehttp 124 "GET /home/footer/ HTTP/1.1" 500 59
ERROR 2020-10-11 22:54:17,326 basehttp 124 "GET /home/header/ HTTP/1.1" 500 59
ERROR 2020-10-11 22:54:17,349 basehttp 124 "GET /cart/option/ HTTP/1.1" 500 59
ERROR 2020-10-11 22:54:17,361 basehttp 124 "GET /course/chapter/?course=29 HTTP/1.1" 500 59
WARNING 2020-10-11 22:55:28,873 base 93 Not Found: /media/course/course-cover.jpeg
WARNING 2020-10-11 22:55:28,874 basehttp 124 "GET /media/course/course-cover.jpeg HTTP/1.1" 404 1849
WARNING 2020-10-11 22:56:19,401 base 93 Not Found: /media/course/2.jpeg
WARNING 2020-10-11 22:56:19,403 basehttp 124 "GET /media/course/2.jpeg HTTP/1.1" 404 1816
WARNING 2020-10-11 22:56:19,407 base 93 Not Found: /media/course/9000eeed-b0af-4df4-b6fb-c2becfcc5b18.jpg
WARNING 2020-10-11 22:56:19,408 basehttp 124 "GET /media/course/9000eeed-b0af-4df4-b6fb-c2becfcc5b18.jpg HTTP/1.1" 404 1918
WARNING 2020-10-11 22:56:31,532 base 93 Not Found: /media/course/course-cover.jpeg
WARNING 2020-10-11 22:56:31,534 basehttp 124 "GET /media/course/course-cover.jpeg HTTP/1.1" 404 1849
WARNING 2020-10-11 23:04:51,418 base 93 Not Found: /media/course/course-cover.jpeg
WARNING 2020-10-11 23:04:51,422 basehttp 124 "GET /media/course/course-cover.jpeg HTTP/1.1" 404 1849
WARNING 2020-10-11 23:13:16,595 basehttp 124 "GET /cart/option/ HTTP/1.1" 401 38
WARNING 2020-10-11 23:14:13,892 basehttp 124 "GET /cart/option/ HTTP/1.1" 401 38
WARNING 2020-10-11 23:15:06,274 basehttp 124 "GET /cart/option/ HTTP/1.1" 401 38
WARNING 2020-10-11 23:20:54,130 basehttp 124 "POST /user/login/ HTTP/1.1" 400 81
WARNING 2020-10-11 23:21:01,832 basehttp 124 "POST /user/login/ HTTP/1.1" 400 81
WARNING 2020-10-11 23:21:24,459 basehttp 124 "POST /user/login/ HTTP/1.1" 400 81
WARNING 2020-10-11 23:22:28,480 basehttp 124 "GET /cart/option/ HTTP/1.1" 401 38
WARNING 2020-10-12 09:00:13,370 basehttp 124 "GET /cart/option/ HTTP/1.1" 401 38
WARNING 2020-10-12 09:01:44,417 basehttp 124 "POST /user/login/ HTTP/1.1" 400 81
WARNING 2020-10-12 09:01:44,481 basehttp 124 "GET /cart/option/ HTTP/1.1" 401 38
WARNING 2020-10-12 09:09:53,054 basehttp 124 "POST /user/login/ HTTP/1.1" 400 81
WARNING 2020-10-12 09:09:53,066 basehttp 124 "GET /cart/option/ HTTP/1.1" 401 38
WARNING 2020-10-12 09:46:04,985 basehttp 124 "GET /cart/option/ HTTP/1.1" 401 38
WARNING 2020-10-12 15:37:29,500 basehttp 124 "GET /cart/option/ HTTP/1.1" 401 38
ERROR 2020-10-12 15:39:08,579 exceptions 20 <user.views.SendMessageAPIVIew object at 0x000001A7B18A6B70> POST 'QuerySet' object has no attribute 'username'
ERROR 2020-10-12 15:39:08,580 basehttp 124 "POST /user/sms/ HTTP/1.1" 500 87
ERROR 2020-10-12 15:39:55,356 exceptions 20 <user.views.SendMessageAPIVIew object at 0x000001A7B18C9DA0> POST 'QuerySet' object has no attribute 'username'
ERROR 2020-10-12 15:39:55,357 basehttp 124 "POST /user/sms/ HTTP/1.1" 500 87
ERROR 2020-10-12 15:40:15,956 exceptions 20 <user.views.SendMessageAPIVIew object at 0x000001A7B18CB8D0> POST 'QuerySet' object has no attribute 'username'
ERROR 2020-10-12 15:40:15,956 basehttp 124 "POST /user/sms/ HTTP/1.1" 500 87
ERROR 2020-10-12 15:42:13,819 exceptions 20 <user.views.SendMessageAPIVIew object at 0x00000162F5A87DD8> POST 'QuerySet' object has no attribute 'username'
ERROR 2020-10-12 15:42:13,821 basehttp 124 "POST /user/sms/ HTTP/1.1" 500 87
WARNING 2020-10-12 15:42:54,494 basehttp 124 "GET /cart/option/ HTTP/1.1" 401 38
WARNING 2020-10-12 15:50:42,506 basehttp 124 "GET /cart/option/ HTTP/1.1" 401 38
WARNING 2020-10-12 18:30:06,312 basehttp 124 "GET /cart/option/ HTTP/1.1" 401 38
WARNING 2020-10-12 18:30:14,210 basehttp 124 "GET /cart/option/ HTTP/1.1" 401 38
ERROR 2020-10-12 18:42:18,184 basehttp 124 "GET /course/detail/29/ HTTP/1.1" 500 59
ERROR 2020-10-12 18:42:18,185 basehttp 124 "GET /home/footer/ HTTP/1.1" 500 59
ERROR 2020-10-12 18:42:18,188 basehttp 124 "GET /course/chapter/?course=29 HTTP/1.1" 500 59
ERROR 2020-10-12 18:42:18,191 basehttp 124 "GET /home/header/ HTTP/1.1" 500 59
ERROR 2020-10-12 18:42:18,203 basehttp 124 "GET /cart/option/ HTTP/1.1" 500 59
ERROR 2020-10-12 18:42:34,300 basehttp 124 "GET /course/chapter/?course=29 HTTP/1.1" 500 59
ERROR 2020-10-12 18:42:34,301 basehttp 124 "GET /course/detail/29/ HTTP/1.1" 500 59
ERROR 2020-10-12 18:42:34,312 basehttp 124 "GET /home/header/ HTTP/1.1" 500 59
ERROR 2020-10-12 18:42:34,319 basehttp 124 "GET /home/footer/ HTTP/1.1" 500 59
ERROR 2020-10-12 18:42:34,331 basehttp 124 "GET /cart/option/ HTTP/1.1" 500 59
WARNING 2020-10-12 18:44:56,256 base 93 Not Found: /favicon.ico
WARNING 2020-10-12 18:44:56,257 basehttp 124 "GET /favicon.ico HTTP/1.1" 404 2734
WARNING 2020-10-12 18:57:31,624 base 93 Not Found: /media/course/course-cover.jpeg
WARNING 2020-10-12 18:57:31,625 basehttp 124 "GET /media/course/course-cover.jpeg HTTP/1.1" 404 1849
WARNING 2020-10-12 18:57:44,792 base 93 Not Found: /media/course/course-cover.jpeg
WARNING 2020-10-12 18:57:44,793 basehttp 124 "GET /media/course/course-cover.jpeg HTTP/1.1" 404 1849
ERROR 2020-10-12 19:07:13,992 basehttp 124 "GET /admin/course/coursepricediscount/5/update/ HTTP/1.1" 500 59
WARNING 2020-10-13 10:59:04,663 base 93 Not Found: /payment/pay
WARNING 2020-10-13 10:59:04,665 basehttp 124 "GET /payment/pay HTTP/1.1" 404 2892
WARNING 2020-10-13 10:59:04,880 base 93 Not Found: /favicon.ico
WARNING 2020-10-13 10:59:04,882 basehttp 124 "GET /favicon.ico HTTP/1.1" 404 2841
WARNING 2020-10-13 10:59:46,176 base 93 Not Found: /payment/pay
WARNING 2020-10-13 10:59:46,177 basehttp 124 "GET /payment/pay HTTP/1.1" 404 2892
ERROR 2020-10-13 11:06:37,772 basehttp 124 "GET /admin/jsi18n/ HTTP/1.1" 500 59
WARNING 2020-10-13 11:09:42,756 base 93 Not Found: /payment/pay/？order_number=20201011185620000001000003
WARNING 2020-10-13 11:09:42,787 basehttp 124 "GET /payment/pay/%EF%BC%9Forder_number=20201011185620000001000003 HTTP/1.1" 404 3030
WARNING 2020-10-13 11:43:34,927 basehttp 124 "GET /cart/option/ HTTP/1.1" 401 35
WARNING 2020-10-13 11:43:47,868 basehttp 124 "GET /cart/option/ HTTP/1.1" 401 35
WARNING 2020-10-13 11:43:54,417 basehttp 124 "GET /cart/option/ HTTP/1.1" 401 35
WARNING 2020-10-13 11:43:54,429 basehttp 124 "GET /cart/option/ HTTP/1.1" 401 35
WARNING 2020-10-13 11:44:16,611 basehttp 124 "GET /cart/option/ HTTP/1.1" 401 35
WARNING 2020-10-13 11:44:16,623 basehttp 124 "GET /cart/option/ HTTP/1.1" 401 35
ERROR 2020-10-13 18:10:14,805 basehttp 124 "GET /admin/course/course/ HTTP/1.1" 500 59
WARNING 2020-10-13 19:00:41,984 basehttp 124 "GET /cart/option/ HTTP/1.1" 401 38
WARNING 2020-10-13 19:01:03,107 basehttp 124 "GET /cart/option/ HTTP/1.1" 401 38
WARNING 2020-10-13 19:01:03,121 basehttp 124 "GET /cart/option/ HTTP/1.1" 401 38
WARNING 2020-10-13 19:02:14,671 basehttp 124 "GET /cart/option/ HTTP/1.1" 401 38
WARNING 2020-10-13 19:07:24,693 basehttp 124 "GET /cart/option/ HTTP/1.1" 401 38
WARNING 2020-10-13 19:09:19,249 basehttp 124 "GET /cart/option/ HTTP/1.1" 401 38
WARNING 2020-10-13 19:09:24,739 basehttp 124 "GET /cart/option/ HTTP/1.1" 401 38
WARNING 2020-10-13 19:11:24,501 basehttp 124 "GET /cart/option/ HTTP/1.1" 401 38
WARNING 2020-10-13 19:12:31,322 basehttp 124 "GET /cart/option/ HTTP/1.1" 401 38
WARNING 2020-10-13 19:12:31,338 basehttp 124 "GET /cart/option/ HTTP/1.1" 401 38
WARNING 2020-10-13 19:12:53,936 basehttp 124 "GET /cart/option/ HTTP/1.1" 401 38
WARNING 2020-10-13 19:12:53,962 basehttp 124 "GET /cart/option/ HTTP/1.1" 401 38
WARNING 2020-10-13 19:12:59,458 basehttp 124 "GET /cart/option/ HTTP/1.1" 401 38
WARNING 2020-10-13 19:13:05,604 basehttp 124 "GET /cart/option/ HTTP/1.1" 401 38
WARNING 2020-10-13 19:13:14,073 basehttp 124 "GET /cart/option/ HTTP/1.1" 401 38
WARNING 2020-10-13 19:13:20,942 basehttp 124 "POST /cart/option/ HTTP/1.1" 401 38
WARNING 2020-10-13 19:14:15,719 basehttp 124 "POST /cart/option/ HTTP/1.1" 401 38
WARNING 2020-10-13 19:14:16,788 basehttp 124 "POST /cart/option/ HTTP/1.1" 401 38
WARNING 2020-10-13 19:59:35,603 basehttp 124 "GET /cart/option/ HTTP/1.1" 401 38
WARNING 2020-10-13 19:59:51,799 basehttp 124 "GET /cart/option/ HTTP/1.1" 401 38
WARNING 2020-10-13 20:15:39,824 basehttp 124 "GET /cart/option/ HTTP/1.1" 401 38
ERROR 2020-10-13 20:17:47,019 exceptions 20 <payments.views.AiliPayResultAPIView object at 0x0000022D97464198> GET (1048, "Column 'user_id' cannot be null")
ERROR 2020-10-13 20:17:47,021 basehttp 124 "GET /payment/result/?charset=utf-8&out_trade_no=20201013201658000001000007&method=alipay.trade.page.pay.return&total_amount=1217.16&sign=tJ30zD9hWr7PPRRJjwJ9V6KkGskhTxapwFBPb1%2BXe8RgxIvdDcUd7A8sUCB%2FbFNGTqt7UeCv06qj%2FUUP81T4cwtoa7N5V8ZFhRGSLTc3X5XoiXEdfAn8Z7HnbGcNJ6kuoLcU8%2F3Fk%2B0Yss7iYiBnzRfK20WxpFt0ivQAHMM17FSzNYq9dGXyAayzzuto8eBt8rPYQnDHjQqi4vX1D0iUg0KMGfSO34fd3CXb2Wj03DuLV9Ehx1guq6ptRd%2BOybX2EPTy79Lci%2F6N2JlxrjVfpoZwJitUqNSxO7eTxdLocdRd11pKugRdCWoSzS7sgT0KYTadO8S6oNYTXUGfdTAykg%3D%3D&trade_no=2020101322001428760504908874&auth_app_id=2016102200738366&version=1.0&app_id=2016102200738366&sign_type=RSA2&seller_id=2088102180638342&timestamp=2020-10-13%2020%3A17%3A39 HTTP/1.1" 500 87
WARNING 2020-10-13 20:33:58,482 basehttp 124 "GET /payment/result/?charset=utf-8&out_trade_no=20201013201658000001000007&method=alipay.trade.page.pay.return&total_amount=1217.16&sign=tJ30zD9hWr7PPRRJjwJ9V6KkGskhTxapwFBPb1%2BXe8RgxIvdDcUd7A8sUCB%2FbFNGTqt7UeCv06qj%2FUUP81T4cwtoa7N5V8ZFhRGSLTc3X5XoiXEdfAn8Z7HnbGcNJ6kuoLcU8%2F3Fk%2B0Yss7iYiBnzRfK20WxpFt0ivQAHMM17FSzNYq9dGXyAayzzuto8eBt8rPYQnDHjQqi4vX1D0iUg0KMGfSO34fd3CXb2Wj03DuLV9Ehx1guq6ptRd%2BOybX2EPTy79Lci%2F6N2JlxrjVfpoZwJitUqNSxO7eTxdLocdRd11pKugRdCWoSzS7sgT0KYTadO8S6oNYTXUGfdTAykg%3D%3D&trade_no=2020101322001428760504908874&auth_app_id=2016102200738366&version=1.0&app_id=2016102200738366&sign_type=RSA2&seller_id=2088102180638342&timestamp=2020-10-13%2020%3A17%3A39 HTTP/1.1" 400 59
WARNING 2020-10-13 20:43:26,136 basehttp 124 "GET /payment/result/?charset=utf-8&out_trade_no=20201013201658000001000007&method=alipay.trade.page.pay.return&total_amount=1217.16&sign=tJ30zD9hWr7PPRRJjwJ9V6KkGskhTxapwFBPb1%2BXe8RgxIvdDcUd7A8sUCB%2FbFNGTqt7UeCv06qj%2FUUP81T4cwtoa7N5V8ZFhRGSLTc3X5XoiXEdfAn8Z7HnbGcNJ6kuoLcU8%2F3Fk%2B0Yss7iYiBnzRfK20WxpFt0ivQAHMM17FSzNYq9dGXyAayzzuto8eBt8rPYQnDHjQqi4vX1D0iUg0KMGfSO34fd3CXb2Wj03DuLV9Ehx1guq6ptRd%2BOybX2EPTy79Lci%2F6N2JlxrjVfpoZwJitUqNSxO7eTxdLocdRd11pKugRdCWoSzS7sgT0KYTadO8S6oNYTXUGfdTAykg%3D%3D&trade_no=2020101322001428760504908874&auth_app_id=2016102200738366&version=1.0&app_id=2016102200738366&sign_type=RSA2&seller_id=2088102180638342&timestamp=2020-10-13%2020%3A17%3A39 HTTP/1.1" 400 59
WARNING 2020-10-13 20:44:00,691 basehttp 124 "GET /payment/result/?charset=utf-8&out_trade_no=20201013201658000001000007&method=alipay.trade.page.pay.return&total_amount=1217.16&sign=tJ30zD9hWr7PPRRJjwJ9V6KkGskhTxapwFBPb1%2BXe8RgxIvdDcUd7A8sUCB%2FbFNGTqt7UeCv06qj%2FUUP81T4cwtoa7N5V8ZFhRGSLTc3X5XoiXEdfAn8Z7HnbGcNJ6kuoLcU8%2F3Fk%2B0Yss7iYiBnzRfK20WxpFt0ivQAHMM17FSzNYq9dGXyAayzzuto8eBt8rPYQnDHjQqi4vX1D0iUg0KMGfSO34fd3CXb2Wj03DuLV9Ehx1guq6ptRd%2BOybX2EPTy79Lci%2F6N2JlxrjVfpoZwJitUqNSxO7eTxdLocdRd11pKugRdCWoSzS7sgT0KYTadO8S6oNYTXUGfdTAykg%3D%3D&trade_no=2020101322001428760504908874&auth_app_id=2016102200738366&version=1.0&app_id=2016102200738366&sign_type=RSA2&seller_id=2088102180638342&timestamp=2020-10-13%2020%3A17%3A39 HTTP/1.1" 400 59
WARNING 2020-10-13 20:57:44,161 basehttp 124 "GET /payment/result/?charset=utf-8&out_trade_no=20201013205630000001000009&method=alipay.trade.page.pay.return&total_amount=899.00&sign=haEbiHl8ceeY%2BdvHOLJY82Wu%2Bt%2FsMHqPoYfjML9lbV0RuhTIe7s%2BZZmRmxfiAm8CZ6bgaoDblsRG%2BBYasxn2l3iVCFGGV15vWo%2B8MvBXHvYWnQf9SPy9MGffH0GSQpvNqrvSuSLiRXUjOVB0%2BcOPjsbkDVLpdYFSdQ0ySRWEjkozlAzC%2BoP43wHqsaH6%2FQ2NgO7edbxer69krNwZnPTwqx9solaxKqzgZU8ZPO6iWQGSbeogORoh3OdGfTHt534RWBc5YB3uVMyh4e2VVFoNBrYdiRjD6D8tNCMRvrHKLxh4fQpqi00ZbKi6EnqXcHP%2BKPFTML1SsKMLOXJikgfD0g%3D%3D&trade_no=2020101322001428760504907826&auth_app_id=2016102200738366&version=1.0&app_id=2016102200738366&sign_type=RSA2&seller_id=2088102180638342&timestamp=2020-10-13%2020%3A57%3A01 HTTP/1.1" 400 59
WARNING 2020-10-13 21:04:08,140 basehttp 124 "GET /payment/result/?charset=utf-8&out_trade_no=20201013210137000001000010&method=alipay.trade.page.pay.return&total_amount=318.16&sign=1Gn%2B%2FTp%2FkbNP4%2F31a%2Bce283lzUoB2lehoK%2FYWgFkG1%2Fidx3T1gbhLHkvdMQDFInm2Q0jEiEaOc1dL%2Bvwo67QqE60V6%2Fl0umdmHiDhRGjfeIv39ttkqW94XnpFCewnof%2B4iM2H3SFhwvrz%2F4sy52UF0kHPvX95Zr10EuHxXl3co2Nbgq9inGdf8v67v1b2grT9GOLcG4K2HPh7ZxNKl8ONUPth5dmyDm8bevYMMaR%2BlUXFM859%2FoZ09ovkm%2FvGDN9ll0PSt89qun3UgoUPld%2F6Wi9IZPaRu1JHVX22B8bx6eFtbtK7aN%2BITNCcoWAAyKG2kZ6WZE3JIwt7GRzw6N8JA%3D%3D&trade_no=2020101322001428760504908692&auth_app_id=2016102200738366&version=1.0&app_id=2016102200738366&sign_type=RSA2&seller_id=2088102180638342&timestamp=2020-10-13%2021%3A02%3A08 HTTP/1.1" 400 59
WARNING 2020-10-13 21:04:34,863 basehttp 124 "GET /payment/result/?charset=utf-8&out_trade_no=20201013210137000001000010&method=alipay.trade.page.pay.return&total_amount=318.16&sign=1Gn%2B%2FTp%2FkbNP4%2F31a%2Bce283lzUoB2lehoK%2FYWgFkG1%2Fidx3T1gbhLHkvdMQDFInm2Q0jEiEaOc1dL%2Bvwo67QqE60V6%2Fl0umdmHiDhRGjfeIv39ttkqW94XnpFCewnof%2B4iM2H3SFhwvrz%2F4sy52UF0kHPvX95Zr10EuHxXl3co2Nbgq9inGdf8v67v1b2grT9GOLcG4K2HPh7ZxNKl8ONUPth5dmyDm8bevYMMaR%2BlUXFM859%2FoZ09ovkm%2FvGDN9ll0PSt89qun3UgoUPld%2F6Wi9IZPaRu1JHVX22B8bx6eFtbtK7aN%2BITNCcoWAAyKG2kZ6WZE3JIwt7GRzw6N8JA%3D%3D&trade_no=2020101322001428760504908692&auth_app_id=2016102200738366&version=1.0&app_id=2016102200738366&sign_type=RSA2&seller_id=2088102180638342&timestamp=2020-10-13%2021%3A02%3A08 HTTP/1.1" 400 59
ERROR 2020-10-13 21:56:23,100 basehttp 124 "GET /payment/pay/?order_number=20201013215618000001000014 HTTP/1.1" 500 59
ERROR 2020-10-13 23:01:07,990 basehttp 124 "GET /user/sms/?phone=18003766456 HTTP/1.1" 500 32
WARNING 2020-10-13 23:01:16,153 basehttp 124 "GET /user/sms/?phone=18003766456 HTTP/1.1" 400 62
ERROR 2020-10-13 23:06:35,120 basehttp 124 "GET /user/sms/?phone=18003766456 HTTP/1.1" 500 32
ERROR 2020-10-13 23:20:23,020 basehttp 124 "GET /user/sms/?phone=18003766456 HTTP/1.1" 500 32
ERROR 2020-10-13 23:21:28,564 basehttp 124 "GET /user/sms/?phone=18003766456 HTTP/1.1" 500 32
ERROR 2020-10-13 23:21:51,182 basehttp 124 "GET /user/sms/?phone=18003766457 HTTP/1.1" 500 32
WARNING 2020-10-13 23:26:28,241 basehttp 124 "GET /cart/option/ HTTP/1.1" 401 38
ERROR 2020-10-13 23:26:35,885 basehttp 124 "GET /user/sms/?phone=18003766456 HTTP/1.1" 500 32
WARNING 2020-10-13 23:26:42,586 basehttp 124 "GET /user/sms/?phone=18003766456 HTTP/1.1" 400 62
ERROR 2020-10-13 23:27:09,809 basehttp 124 "GET /user/sms/?phone=18003766459 HTTP/1.1" 500 32
WARNING 2020-10-13 23:27:29,144 basehttp 124 "GET /user/sms/?phone=18003766459 HTTP/1.1" 400 62
ERROR 2020-10-13 23:28:33,825 basehttp 124 "GET /user/sms/?phone=18003766459 HTTP/1.1" 500 32
WARNING 2020-10-13 23:28:38,024 basehttp 124 "GET /user/sms/?phone=18003766459 HTTP/1.1" 400 62
ERROR 2020-10-13 23:30:49,824 basehttp 124 "GET /user/sms/?phone=18003766456 HTTP/1.1" 500 32
WARNING 2020-10-14 08:44:47,127 basehttp 124 "GET /cart/option/ HTTP/1.1" 401 35
WARNING 2020-10-14 09:58:57,567 basehttp 124 "GET /cart/option/ HTTP/1.1" 401 38
WARNING 2020-10-14 09:59:04,485 basehttp 124 "GET /cart/option/ HTTP/1.1" 401 38
WARNING 2020-10-14 10:00:20,756 basehttp 124 "GET /cart/option/ HTTP/1.1" 401 38
WARNING 2020-10-14 10:01:01,539 basehttp 124 "GET /cart/option/ HTTP/1.1" 401 38
WARNING 2020-10-14 10:04:30,706 basehttp 124 "GET /cart/option/ HTTP/1.1" 401 38
WARNING 2020-10-14 10:06:06,691 basehttp 124 "GET /cart/option/ HTTP/1.1" 401 38
WARNING 2020-10-14 10:12:05,548 basehttp 124 "GET /cart/option/ HTTP/1.1" 401 38
ERROR 2020-10-14 10:24:25,783 basehttp 124 "GET /user/sms/?phone=18003766442 HTTP/1.1" 500 32
ERROR 2020-10-14 10:24:35,945 basehttp 124 "GET /user/sms/?phone=18003766444 HTTP/1.1" 500 32
WARNING 2020-10-14 10:29:31,537 basehttp 124 "GET /cart/option/ HTTP/1.1" 401 38
ERROR 2020-10-14 10:29:45,041 basehttp 124 "GET /user/sms/?phone=17325392527 HTTP/1.1" 500 32
WARNING 2020-10-14 11:08:22,695 basehttp 124 "GET /cart/option/ HTTP/1.1" 401 38
WARNING 2020-10-14 11:55:29,810 basehttp 124 "POST /user/sms/ HTTP/1.1" 405 32
WARNING 2020-10-14 11:57:51,752 basehttp 124 "POST /user/login/ HTTP/1.1" 400 41
ERROR 2020-10-14 11:59:51,895 basehttp 124 "GET /admin/ HTTP/1.1" 500 59
WARNING 2020-10-14 11:59:57,788 base 93 Not Found: /favicon.ico
WARNING 2020-10-14 11:59:57,789 basehttp 124 "GET /favicon.ico HTTP/1.1" 404 2842
WARNING 2020-10-14 13:03:15,583 basehttp 124 "GET /cart/option/ HTTP/1.1" 401 38
WARNING 2020-10-14 14:59:33,290 basehttp 124 "GET /cart/option/ HTTP/1.1" 401 38
WARNING 2020-10-14 15:02:11,628 base 93 Not Found: /media/course/course-cover.jpeg
WARNING 2020-10-14 15:02:11,630 basehttp 124 "GET /media/course/course-cover.jpeg HTTP/1.1" 404 1849
ERROR 2020-10-14 15:04:21,282 basehttp 124 "GET /admin/course/coursecategory/ HTTP/1.1" 500 59
ERROR 2020-10-14 15:04:24,937 basehttp 124 "GET /admin/course/course/ HTTP/1.1" 500 59
WARNING 2020-10-14 16:01:00,824 basehttp 124 "GET /cart/option/ HTTP/1.1" 401 38
WARNING 2020-10-14 16:01:18,020 basehttp 124 "GET /cart/option/ HTTP/1.1" 401 38
WARNING 2020-10-14 16:01:20,054 basehttp 124 "GET /cart/option/ HTTP/1.1" 401 38
WARNING 2020-10-14 16:01:54,316 basehttp 124 "POST /user/sms/ HTTP/1.1" 405 32
WARNING 2020-10-14 16:03:15,431 base 93 Not Found: /media/course/course-cover.jpeg
WARNING 2020-10-14 16:03:15,433 basehttp 124 "GET /media/course/course-cover.jpeg HTTP/1.1" 404 1849
